#! /usr/bin/vvp
:ivl_version "11.0 (stable)";
:ivl_delay_selection "TYPICAL";
:vpi_time_precision + 0;
:vpi_module "/usr/lib/x86_64-linux-gnu/ivl/system.vpi";
:vpi_module "/usr/lib/x86_64-linux-gnu/ivl/vhdl_sys.vpi";
:vpi_module "/usr/lib/x86_64-linux-gnu/ivl/vhdl_textio.vpi";
:vpi_module "/usr/lib/x86_64-linux-gnu/ivl/v2005_math.vpi";
:vpi_module "/usr/lib/x86_64-linux-gnu/ivl/va_math.vpi";
S_0x55965a54c6c0 .scope module, "reservation_station" "reservation_station" 2 4;
 .timescale 0 0;
    .port_info 0 /INPUT 1 "clk_in";
    .port_info 1 /INPUT 1 "rst_in";
    .port_info 2 /INPUT 1 "rdy_in";
    .port_info 3 /INPUT 1 "issue";
    .port_info 4 /INPUT 5 "opcode_issue";
    .port_info 5 /INPUT 5 "rs_issue_value_1";
    .port_info 6 /INPUT 5 "rs_issue_value_2";
    .port_info 7 /INPUT 4 "rs_issue_tag_1";
    .port_info 8 /INPUT 4 "rs_issue_tag_2";
    .port_info 9 /INPUT 1 "rs_issue_valid_1";
    .port_info 10 /INPUT 1 "rs_issue_valid_2";
    .port_info 11 /INPUT 4 "rd_issue_tag";
    .port_info 12 /OUTPUT 1 "busy_alu_1";
    .port_info 13 /OUTPUT 1 "busy_alu_2";
    .port_info 14 /OUTPUT 5 "opcode_alu_1";
    .port_info 15 /OUTPUT 5 "opcode_alu_2";
    .port_info 16 /OUTPUT 5 "lhs_alu_1";
    .port_info 17 /OUTPUT 5 "lhs_alu_2";
    .port_info 18 /OUTPUT 5 "rhs_alu_1";
    .port_info 19 /OUTPUT 5 "rhs_alu_2";
    .port_info 20 /OUTPUT 4 "rd_tag_alu_1";
    .port_info 21 /OUTPUT 4 "rd_tag_alu_2";
    .port_info 22 /INPUT 1 "commit";
    .port_info 23 /INPUT 5 "commit_value";
    .port_info 24 /INPUT 4 "commit_tag";
    .port_info 25 /OUTPUT 1 "full";
P_0x55965a469620 .param/l "ROB_WIDTH" 0 2 6, +C4<00000000000000000000000000000100>;
P_0x55965a469660 .param/l "RS_SIZE" 0 2 7, +C4<00000000000000000000000000010000>;
P_0x55965a4696a0 .param/l "RS_WIDTH" 0 2 5, +C4<00000000000000000000000000000100>;
L_0x55965a59a600 .functor BUFZ 1, L_0x55965a58e470, C4<0>, C4<0>, C4<0>;
L_0x55965a59a6c0 .functor BUFZ 4, L_0x55965a58ded0, C4<0000>, C4<0000>, C4<0000>;
v0x55965a57df90 .array "busy", 0 15, 0 0;
v0x55965a57e050_0 .var "busy_alu_1", 0 0;
v0x55965a57e110_0 .var "busy_alu_2", 0 0;
o0x7f3913cd2348 .functor BUFZ 1, C4<z>; HiZ drive
v0x55965a57e1b0_0 .net "clk_in", 0 0, o0x7f3913cd2348;  0 drivers
o0x7f3913cd2378 .functor BUFZ 1, C4<z>; HiZ drive
v0x55965a57e270_0 .net "commit", 0 0, o0x7f3913cd2378;  0 drivers
o0x7f3913cd23a8 .functor BUFZ 4, C4<zzzz>; HiZ drive
v0x55965a57e330_0 .net "commit_tag", 3 0, o0x7f3913cd23a8;  0 drivers
o0x7f3913cd23d8 .functor BUFZ 5, C4<zzzzz>; HiZ drive
v0x55965a57e410_0 .net "commit_value", 4 0, o0x7f3913cd23d8;  0 drivers
v0x55965a57e4f0_0 .net "free_pos", 3 0, L_0x55965a59a6c0;  1 drivers
v0x55965a57e5d0_0 .net "full", 0 0, L_0x55965a59a600;  1 drivers
v0x55965a57e690_0 .var/i "i", 31 0;
v0x55965a57e770_0 .var/i "i_alu", 31 0;
v0x55965a57e850_0 .var/i "i_commit", 31 0;
o0x7f3913cd24f8 .functor BUFZ 1, C4<z>; HiZ drive
v0x55965a57e930_0 .net "issue", 0 0, o0x7f3913cd24f8;  0 drivers
v0x55965a57e9f0_0 .var "lhs_alu_1", 4 0;
v0x55965a57ead0_0 .var "lhs_alu_2", 4 0;
v0x55965a57ebb0 .array "opcode", 0 15, 4 0;
v0x55965a57ec70_0 .var "opcode_alu_1", 4 0;
v0x55965a57ed50_0 .var "opcode_alu_2", 4 0;
o0x7f3913cd25e8 .functor BUFZ 5, C4<zzzzz>; HiZ drive
v0x55965a57ee30_0 .net "opcode_issue", 4 0, o0x7f3913cd25e8;  0 drivers
o0x7f3913cd2618 .functor BUFZ 4, C4<zzzz>; HiZ drive
v0x55965a57ef10_0 .net "rd_issue_tag", 3 0, o0x7f3913cd2618;  0 drivers
v0x55965a57eff0 .array "rd_tag", 0 15, 3 0;
v0x55965a57f0b0_0 .var "rd_tag_alu_1", 3 0;
v0x55965a57f190_0 .var "rd_tag_alu_2", 3 0;
o0x7f3913cd26a8 .functor BUFZ 1, C4<z>; HiZ drive
v0x55965a57f270_0 .net "rdy_in", 0 0, o0x7f3913cd26a8;  0 drivers
v0x55965a57f330_0 .var "rhs_alu_1", 4 0;
v0x55965a57f410_0 .var "rhs_alu_2", 4 0;
o0x7f3913cd2738 .functor BUFZ 4, C4<zzzz>; HiZ drive
v0x55965a57f4f0_0 .net "rs_issue_tag_1", 3 0, o0x7f3913cd2738;  0 drivers
o0x7f3913cd2768 .functor BUFZ 4, C4<zzzz>; HiZ drive
v0x55965a57f5d0_0 .net "rs_issue_tag_2", 3 0, o0x7f3913cd2768;  0 drivers
o0x7f3913cd2798 .functor BUFZ 1, C4<z>; HiZ drive
v0x55965a57f6b0_0 .net "rs_issue_valid_1", 0 0, o0x7f3913cd2798;  0 drivers
o0x7f3913cd27c8 .functor BUFZ 1, C4<z>; HiZ drive
v0x55965a57f770_0 .net "rs_issue_valid_2", 0 0, o0x7f3913cd27c8;  0 drivers
o0x7f3913cd27f8 .functor BUFZ 5, C4<zzzzz>; HiZ drive
v0x55965a57f830_0 .net "rs_issue_value_1", 4 0, o0x7f3913cd27f8;  0 drivers
o0x7f3913cd2828 .functor BUFZ 5, C4<zzzzz>; HiZ drive
v0x55965a57f910_0 .net "rs_issue_value_2", 4 0, o0x7f3913cd2828;  0 drivers
v0x55965a57f9f0 .array "rs_tag_1", 0 15, 3 0;
v0x55965a57fcc0 .array "rs_tag_2", 0 15, 3 0;
v0x55965a57fd80 .array "rs_valid_1", 0 15, 0 0;
v0x55965a57fe20 .array "rs_valid_2", 0 15, 0 0;
v0x55965a57fec0 .array "rs_value_1", 0 15, 4 0;
v0x55965a57ff80 .array "rs_value_2", 0 15, 4 0;
o0x7f3913cd2858 .functor BUFZ 1, C4<z>; HiZ drive
v0x55965a580040_0 .net "rst_in", 0 0, o0x7f3913cd2858;  0 drivers
v0x55965a580100 .array "select_pos", 1 15;
v0x55965a580100_0 .net v0x55965a580100 0, 3 0, L_0x55965a58ded0; 1 drivers
v0x55965a580100_1 .net v0x55965a580100 1, 3 0, L_0x55965a58fe50; 1 drivers
v0x55965a580100_2 .net v0x55965a580100 2, 3 0, L_0x55965a592150; 1 drivers
v0x55965a580100_3 .net v0x55965a580100 3, 3 0, L_0x55965a5940d0; 1 drivers
v0x55965a580100_4 .net v0x55965a580100 4, 3 0, L_0x55965a596050; 1 drivers
v0x55965a580100_5 .net v0x55965a580100 5, 3 0, L_0x55965a597fd0; 1 drivers
v0x55965a580100_6 .net v0x55965a580100 6, 3 0, L_0x55965a599f50; 1 drivers
v0x55965a580100_7 .net v0x55965a580100 7, 3 0, L_0x55965a49b190; 1 drivers
v0x55965a580100_8 .net v0x55965a580100 8, 3 0, L_0x55965a582e30; 1 drivers
v0x55965a580100_9 .net v0x55965a580100 9, 3 0, L_0x55965a5845f0; 1 drivers
v0x55965a580100_10 .net v0x55965a580100 10, 3 0, L_0x55965a585d20; 1 drivers
v0x55965a580100_11 .net v0x55965a580100 11, 3 0, L_0x55965a587490; 1 drivers
v0x55965a580100_12 .net v0x55965a580100 12, 3 0, L_0x55965a588c50; 1 drivers
v0x55965a580100_13 .net v0x55965a580100 13, 3 0, L_0x55965a58a620; 1 drivers
v0x55965a580100_14 .net v0x55965a580100 14, 3 0, L_0x55965a58bde0; 1 drivers
v0x55965a580420 .array "valid_pos", 1 15;
v0x55965a580420_0 .net v0x55965a580420 0, 0 0, L_0x55965a58e470; 1 drivers
v0x55965a580420_1 .net v0x55965a580420 1, 0 0, L_0x55965a5903f0; 1 drivers
v0x55965a580420_2 .net v0x55965a580420 2, 0 0, L_0x55965a5926f0; 1 drivers
v0x55965a580420_3 .net v0x55965a580420 3, 0 0, L_0x55965a594670; 1 drivers
v0x55965a580420_4 .net v0x55965a580420 4, 0 0, L_0x55965a5965f0; 1 drivers
v0x55965a580420_5 .net v0x55965a580420 5, 0 0, L_0x55965a598570; 1 drivers
v0x55965a580420_6 .net v0x55965a580420 6, 0 0, L_0x55965a59a4f0; 1 drivers
v0x55965a580420_7 .net v0x55965a580420 7, 0 0, L_0x55965a581d50; 1 drivers
v0x55965a580420_8 .net v0x55965a580420 8, 0 0, L_0x55965a583440; 1 drivers
v0x55965a580420_9 .net v0x55965a580420 9, 0 0, L_0x55965a584c00; 1 drivers
v0x55965a580420_10 .net v0x55965a580420 10, 0 0, L_0x55965a5862e0; 1 drivers
v0x55965a580420_11 .net v0x55965a580420 11, 0 0, L_0x55965a587aa0; 1 drivers
v0x55965a580420_12 .net v0x55965a580420 12, 0 0, L_0x55965a589260; 1 drivers
v0x55965a580420_13 .net v0x55965a580420 13, 0 0, L_0x55965a58ac30; 1 drivers
v0x55965a580420_14 .net v0x55965a580420 14, 0 0, L_0x55965a58c3f0; 1 drivers
E_0x55965a4abaa0 .event posedge, v0x55965a57e1b0_0;
S_0x55965a54bff0 .scope generate, "genblk1[8]" "genblk1[8]" 2 64, 2 64 0, S_0x55965a54c6c0;
 .timescale 0 0;
P_0x55965a49a230 .param/l "i_select" 0 2 64, +C4<01000>;
L_0x55965a4c02a0 .functor NOT 1, L_0x55965a580d30, C4<0>, C4<0>, C4<0>;
L_0x7f3913c84f98 .functor BUFT 1, C4<0000>, C4<0>, C4<0>, C4<0>;
L_0x55965a4bf900 .functor AND 4, L_0x55965a580e80, L_0x7f3913c84f98, C4<1111>, C4<1111>;
L_0x55965a4bd960 .functor NOT 1, L_0x55965a581260, C4<0>, C4<0>, C4<0>;
L_0x55965a49df60 .functor AND 4, L_0x55965a5810d0, L_0x55965a5814e0, C4<1111>, C4<1111>;
L_0x55965a49d270 .functor AND 4, L_0x55965a49df60, L_0x55965a581680, C4<1111>, C4<1111>;
L_0x55965a49b190 .functor OR 4, L_0x55965a4bf900, L_0x55965a49d270, C4<0000>, C4<0000>;
L_0x55965a49a7f0 .functor NOT 1, L_0x55965a581900, C4<0>, C4<0>, C4<0>;
L_0x55965a581c40 .functor NOT 1, L_0x55965a5819f0, C4<0>, C4<0>, C4<0>;
L_0x55965a581d50 .functor OR 1, L_0x55965a49a7f0, L_0x55965a581c40, C4<0>, C4<0>;
v0x55965a4c18a0_0 .net *"_ivl_13", 0 0, L_0x55965a580d30;  1 drivers
L_0x7f3913c84f50 .functor BUFT 1, C4<000000>, C4<0>, C4<0>, C4<0>;
v0x55965a4bf990_0 .net *"_ivl_15", 5 0, L_0x7f3913c84f50;  1 drivers
v0x55965a4bd9f0_0 .net *"_ivl_19", 0 0, L_0x55965a4c02a0;  1 drivers
L_0x7f3913c84f08 .functor BUFT 1, C4<00>, C4<0>, C4<0>, C4<0>;
v0x55965a49dff0_0 .net *"_ivl_2", 1 0, L_0x7f3913c84f08;  1 drivers
v0x55965a49d300_0 .net *"_ivl_21", 3 0, L_0x55965a580e80;  1 drivers
v0x55965a49c670_0 .net *"_ivl_23", 3 0, L_0x7f3913c84f98;  1 drivers
v0x55965a49a880_0 .net *"_ivl_27", 3 0, L_0x55965a4bf900;  1 drivers
v0x55965a55ddf0_0 .net *"_ivl_29", 0 0, L_0x55965a580fd0;  1 drivers
L_0x7f3913c84fe0 .functor BUFT 1, C4<000000>, C4<0>, C4<0>, C4<0>;
v0x55965a55ded0_0 .net *"_ivl_31", 5 0, L_0x7f3913c84fe0;  1 drivers
v0x55965a55dfb0_0 .net *"_ivl_35", 3 0, L_0x55965a5810d0;  1 drivers
v0x55965a55e090_0 .net *"_ivl_37", 0 0, L_0x55965a581260;  1 drivers
v0x55965a55e170_0 .net *"_ivl_39", 5 0, L_0x55965a581300;  1 drivers
L_0x7f3913c830a8 .functor BUFT 1, C4<00000>, C4<0>, C4<0>, C4<0>;
v0x55965a55e250_0 .net *"_ivl_42", 4 0, L_0x7f3913c830a8;  1 drivers
v0x55965a55e330_0 .net *"_ivl_43", 0 0, L_0x55965a4bd960;  1 drivers
v0x55965a55e410_0 .net *"_ivl_45", 3 0, L_0x55965a5814e0;  1 drivers
v0x55965a55e4f0_0 .net *"_ivl_47", 3 0, L_0x55965a49df60;  1 drivers
v0x55965a55e5d0_0 .net *"_ivl_49", 3 0, L_0x55965a581680;  1 drivers
L_0x7f3913c830f0 .functor BUFT 1, C4<000>, C4<0>, C4<0>, C4<0>;
v0x55965a55e7c0_0 .net *"_ivl_52", 2 0, L_0x7f3913c830f0;  1 drivers
v0x55965a55e8a0_0 .net *"_ivl_53", 3 0, L_0x55965a49d270;  1 drivers
v0x55965a55e980_0 .net *"_ivl_58", 0 0, L_0x55965a581900;  1 drivers
L_0x7f3913c83060 .functor BUFT 1, C4<01>, C4<0>, C4<0>, C4<0>;
v0x55965a55ea60_0 .net/2u *"_ivl_6", 1 0, L_0x7f3913c83060;  1 drivers
L_0x7f3913c85028 .functor BUFT 1, C4<000000>, C4<0>, C4<0>, C4<0>;
v0x55965a55eb40_0 .net *"_ivl_60", 5 0, L_0x7f3913c85028;  1 drivers
v0x55965a55ec20_0 .net *"_ivl_64", 0 0, L_0x55965a49a7f0;  1 drivers
v0x55965a55ed00_0 .net *"_ivl_66", 0 0, L_0x55965a5819f0;  1 drivers
v0x55965a55ede0_0 .net *"_ivl_68", 5 0, L_0x55965a581b00;  1 drivers
L_0x7f3913c83138 .functor BUFT 1, C4<00000>, C4<0>, C4<0>, C4<0>;
v0x55965a55eec0_0 .net *"_ivl_71", 4 0, L_0x7f3913c83138;  1 drivers
v0x55965a55efa0_0 .net *"_ivl_72", 0 0, L_0x55965a581c40;  1 drivers
v0x55965a55f080_0 .net *"_ivl_8", 1 0, L_0x55965a580b40;  1 drivers
L_0x7f3913c83018 .functor BUFT 1, C4<0>, C4<0>, C4<0>, C4<0>;
v0x55965a55f160_0 .net "tmp1", 0 0, L_0x7f3913c83018;  1 drivers
v0x55965a55f220_0 .net "tmp2", 0 0, L_0x55965a580c40;  1 drivers
L_0x55965a580b40 .arith/sum 2, L_0x7f3913c84f08, L_0x7f3913c83060;
L_0x55965a580c40 .part L_0x55965a580b40, 0, 1;
L_0x55965a580d30 .array/port v0x55965a57df90, L_0x7f3913c84f50;
L_0x55965a580e80 .concat [ 1 1 1 1], L_0x55965a4c02a0, L_0x55965a4c02a0, L_0x55965a4c02a0, L_0x55965a4c02a0;
L_0x55965a580fd0 .array/port v0x55965a57df90, L_0x7f3913c84fe0;
L_0x55965a5810d0 .concat [ 1 1 1 1], L_0x55965a580fd0, L_0x55965a580fd0, L_0x55965a580fd0, L_0x55965a580fd0;
L_0x55965a581260 .array/port v0x55965a57df90, L_0x55965a581300;
L_0x55965a581300 .concat [ 1 5 0 0], L_0x55965a580c40, L_0x7f3913c830a8;
L_0x55965a5814e0 .concat [ 1 1 1 1], L_0x55965a4bd960, L_0x55965a4bd960, L_0x55965a4bd960, L_0x55965a4bd960;
L_0x55965a581680 .concat [ 1 3 0 0], L_0x55965a580c40, L_0x7f3913c830f0;
L_0x55965a581900 .array/port v0x55965a57df90, L_0x7f3913c85028;
L_0x55965a5819f0 .array/port v0x55965a57df90, L_0x55965a581b00;
L_0x55965a581b00 .concat [ 1 5 0 0], L_0x55965a580c40, L_0x7f3913c83138;
S_0x55965a55f2e0 .scope generate, "genblk1[9]" "genblk1[9]" 2 64, 2 64 0, S_0x55965a54c6c0;
 .timescale 0 0;
P_0x55965a55f4b0 .param/l "i_select" 0 2 64, +C4<01001>;
L_0x55965a581f00 .functor NOT 1, L_0x55965a5820e0, C4<0>, C4<0>, C4<0>;
L_0x7f3913c85100 .functor BUFT 1, C4<0000>, C4<0>, C4<0>, C4<0>;
L_0x55965a582380 .functor AND 4, L_0x55965a582230, L_0x7f3913c85100, C4<1111>, C4<1111>;
L_0x55965a5828b0 .functor NOT 1, L_0x55965a582680, C4<0>, C4<0>, C4<0>;
L_0x55965a582af0 .functor AND 4, L_0x55965a5824f0, L_0x55965a582970, C4<1111>, C4<1111>;
L_0x55965a582d70 .functor AND 4, L_0x55965a582af0, L_0x55965a582be0, C4<1111>, C4<1111>;
L_0x55965a582e30 .functor OR 4, L_0x55965a582380, L_0x55965a582d70, C4<0000>, C4<0000>;
L_0x55965a582fe0 .functor NOT 1, L_0x55965a582f40, C4<0>, C4<0>, C4<0>;
L_0x55965a583330 .functor NOT 1, L_0x55965a5830a0, C4<0>, C4<0>, C4<0>;
L_0x55965a583440 .functor OR 1, L_0x55965a582fe0, L_0x55965a583330, C4<0>, C4<0>;
v0x55965a55f570_0 .net *"_ivl_13", 0 0, L_0x55965a5820e0;  1 drivers
L_0x7f3913c850b8 .functor BUFT 1, C4<000000>, C4<0>, C4<0>, C4<0>;
v0x55965a55f650_0 .net *"_ivl_15", 5 0, L_0x7f3913c850b8;  1 drivers
v0x55965a55f730_0 .net *"_ivl_19", 0 0, L_0x55965a581f00;  1 drivers
L_0x7f3913c85070 .functor BUFT 1, C4<00>, C4<0>, C4<0>, C4<0>;
v0x55965a55f7f0_0 .net *"_ivl_2", 1 0, L_0x7f3913c85070;  1 drivers
v0x55965a55f8d0_0 .net *"_ivl_21", 3 0, L_0x55965a582230;  1 drivers
v0x55965a55fa00_0 .net *"_ivl_23", 3 0, L_0x7f3913c85100;  1 drivers
v0x55965a55fae0_0 .net *"_ivl_27", 3 0, L_0x55965a582380;  1 drivers
v0x55965a55fbc0_0 .net *"_ivl_29", 0 0, L_0x55965a5823f0;  1 drivers
L_0x7f3913c85148 .functor BUFT 1, C4<000000>, C4<0>, C4<0>, C4<0>;
v0x55965a55fca0_0 .net *"_ivl_31", 5 0, L_0x7f3913c85148;  1 drivers
v0x55965a55fd80_0 .net *"_ivl_35", 3 0, L_0x55965a5824f0;  1 drivers
v0x55965a55fe60_0 .net *"_ivl_37", 0 0, L_0x55965a582680;  1 drivers
v0x55965a55ff40_0 .net *"_ivl_39", 5 0, L_0x55965a582720;  1 drivers
L_0x7f3913c83210 .functor BUFT 1, C4<00000>, C4<0>, C4<0>, C4<0>;
v0x55965a560020_0 .net *"_ivl_42", 4 0, L_0x7f3913c83210;  1 drivers
v0x55965a560100_0 .net *"_ivl_43", 0 0, L_0x55965a5828b0;  1 drivers
v0x55965a5601e0_0 .net *"_ivl_45", 3 0, L_0x55965a582970;  1 drivers
v0x55965a5602c0_0 .net *"_ivl_47", 3 0, L_0x55965a582af0;  1 drivers
v0x55965a5603a0_0 .net *"_ivl_49", 3 0, L_0x55965a582be0;  1 drivers
L_0x7f3913c83258 .functor BUFT 1, C4<000>, C4<0>, C4<0>, C4<0>;
v0x55965a560590_0 .net *"_ivl_52", 2 0, L_0x7f3913c83258;  1 drivers
v0x55965a560670_0 .net *"_ivl_53", 3 0, L_0x55965a582d70;  1 drivers
v0x55965a560750_0 .net *"_ivl_58", 0 0, L_0x55965a582f40;  1 drivers
L_0x7f3913c831c8 .functor BUFT 1, C4<01>, C4<0>, C4<0>, C4<0>;
v0x55965a560830_0 .net/2u *"_ivl_6", 1 0, L_0x7f3913c831c8;  1 drivers
L_0x7f3913c85190 .functor BUFT 1, C4<000000>, C4<0>, C4<0>, C4<0>;
v0x55965a560910_0 .net *"_ivl_60", 5 0, L_0x7f3913c85190;  1 drivers
v0x55965a5609f0_0 .net *"_ivl_64", 0 0, L_0x55965a582fe0;  1 drivers
v0x55965a560ad0_0 .net *"_ivl_66", 0 0, L_0x55965a5830a0;  1 drivers
v0x55965a560bb0_0 .net *"_ivl_68", 5 0, L_0x55965a5831b0;  1 drivers
L_0x7f3913c832a0 .functor BUFT 1, C4<00000>, C4<0>, C4<0>, C4<0>;
v0x55965a560c90_0 .net *"_ivl_71", 4 0, L_0x7f3913c832a0;  1 drivers
v0x55965a560d70_0 .net *"_ivl_72", 0 0, L_0x55965a583330;  1 drivers
v0x55965a560e50_0 .net *"_ivl_8", 1 0, L_0x55965a581e60;  1 drivers
L_0x7f3913c83180 .functor BUFT 1, C4<0>, C4<0>, C4<0>, C4<0>;
v0x55965a560f30_0 .net "tmp1", 0 0, L_0x7f3913c83180;  1 drivers
v0x55965a560ff0_0 .net "tmp2", 0 0, L_0x55965a581ff0;  1 drivers
L_0x55965a581e60 .arith/sum 2, L_0x7f3913c85070, L_0x7f3913c831c8;
L_0x55965a581ff0 .part L_0x55965a581e60, 0, 1;
L_0x55965a5820e0 .array/port v0x55965a57df90, L_0x7f3913c850b8;
L_0x55965a582230 .concat [ 1 1 1 1], L_0x55965a581f00, L_0x55965a581f00, L_0x55965a581f00, L_0x55965a581f00;
L_0x55965a5823f0 .array/port v0x55965a57df90, L_0x7f3913c85148;
L_0x55965a5824f0 .concat [ 1 1 1 1], L_0x55965a5823f0, L_0x55965a5823f0, L_0x55965a5823f0, L_0x55965a5823f0;
L_0x55965a582680 .array/port v0x55965a57df90, L_0x55965a582720;
L_0x55965a582720 .concat [ 1 5 0 0], L_0x55965a581ff0, L_0x7f3913c83210;
L_0x55965a582970 .concat [ 1 1 1 1], L_0x55965a5828b0, L_0x55965a5828b0, L_0x55965a5828b0, L_0x55965a5828b0;
L_0x55965a582be0 .concat [ 1 3 0 0], L_0x55965a581ff0, L_0x7f3913c83258;
L_0x55965a582f40 .array/port v0x55965a57df90, L_0x7f3913c85190;
L_0x55965a5830a0 .array/port v0x55965a57df90, L_0x55965a5831b0;
L_0x55965a5831b0 .concat [ 1 5 0 0], L_0x55965a581ff0, L_0x7f3913c832a0;
S_0x55965a5610b0 .scope generate, "genblk1[10]" "genblk1[10]" 2 64, 2 64 0, S_0x55965a54c6c0;
 .timescale 0 0;
P_0x55965a561260 .param/l "i_select" 0 2 64, +C4<01010>;
L_0x55965a5835f0 .functor NOT 1, L_0x55965a583800, C4<0>, C4<0>, C4<0>;
L_0x7f3913c85268 .functor BUFT 1, C4<0000>, C4<0>, C4<0>, C4<0>;
L_0x55965a583b30 .functor AND 4, L_0x55965a583950, L_0x7f3913c85268, C4<1111>, C4<1111>;
L_0x55965a5840b0 .functor NOT 1, L_0x55965a583e80, C4<0>, C4<0>, C4<0>;
L_0x55965a5842f0 .functor AND 4, L_0x55965a583ca0, L_0x55965a584170, C4<1111>, C4<1111>;
L_0x55965a5844e0 .functor AND 4, L_0x55965a5842f0, L_0x55965a5843e0, C4<1111>, C4<1111>;
L_0x55965a5845f0 .functor OR 4, L_0x55965a583b30, L_0x55965a5844e0, C4<0000>, C4<0000>;
L_0x55965a5847a0 .functor NOT 1, L_0x55965a584700, C4<0>, C4<0>, C4<0>;
L_0x55965a584af0 .functor NOT 1, L_0x55965a584860, C4<0>, C4<0>, C4<0>;
L_0x55965a584c00 .functor OR 1, L_0x55965a5847a0, L_0x55965a584af0, C4<0>, C4<0>;
v0x55965a561320_0 .net *"_ivl_13", 0 0, L_0x55965a583800;  1 drivers
L_0x7f3913c85220 .functor BUFT 1, C4<000000>, C4<0>, C4<0>, C4<0>;
v0x55965a561400_0 .net *"_ivl_15", 5 0, L_0x7f3913c85220;  1 drivers
v0x55965a5614e0_0 .net *"_ivl_19", 0 0, L_0x55965a5835f0;  1 drivers
L_0x7f3913c851d8 .functor BUFT 1, C4<00>, C4<0>, C4<0>, C4<0>;
v0x55965a5615a0_0 .net *"_ivl_2", 1 0, L_0x7f3913c851d8;  1 drivers
v0x55965a561680_0 .net *"_ivl_21", 3 0, L_0x55965a583950;  1 drivers
v0x55965a5617b0_0 .net *"_ivl_23", 3 0, L_0x7f3913c85268;  1 drivers
v0x55965a561890_0 .net *"_ivl_27", 3 0, L_0x55965a583b30;  1 drivers
v0x55965a561970_0 .net *"_ivl_29", 0 0, L_0x55965a583ba0;  1 drivers
L_0x7f3913c852b0 .functor BUFT 1, C4<000000>, C4<0>, C4<0>, C4<0>;
v0x55965a561a50_0 .net *"_ivl_31", 5 0, L_0x7f3913c852b0;  1 drivers
v0x55965a561b30_0 .net *"_ivl_35", 3 0, L_0x55965a583ca0;  1 drivers
v0x55965a561c10_0 .net *"_ivl_37", 0 0, L_0x55965a583e80;  1 drivers
v0x55965a561cf0_0 .net *"_ivl_39", 5 0, L_0x55965a583f20;  1 drivers
L_0x7f3913c83378 .functor BUFT 1, C4<00000>, C4<0>, C4<0>, C4<0>;
v0x55965a561dd0_0 .net *"_ivl_42", 4 0, L_0x7f3913c83378;  1 drivers
v0x55965a561eb0_0 .net *"_ivl_43", 0 0, L_0x55965a5840b0;  1 drivers
v0x55965a561f90_0 .net *"_ivl_45", 3 0, L_0x55965a584170;  1 drivers
v0x55965a562070_0 .net *"_ivl_47", 3 0, L_0x55965a5842f0;  1 drivers
v0x55965a562150_0 .net *"_ivl_49", 3 0, L_0x55965a5843e0;  1 drivers
L_0x7f3913c833c0 .functor BUFT 1, C4<000>, C4<0>, C4<0>, C4<0>;
v0x55965a562340_0 .net *"_ivl_52", 2 0, L_0x7f3913c833c0;  1 drivers
v0x55965a562420_0 .net *"_ivl_53", 3 0, L_0x55965a5844e0;  1 drivers
v0x55965a562500_0 .net *"_ivl_58", 0 0, L_0x55965a584700;  1 drivers
L_0x7f3913c83330 .functor BUFT 1, C4<01>, C4<0>, C4<0>, C4<0>;
v0x55965a5625e0_0 .net/2u *"_ivl_6", 1 0, L_0x7f3913c83330;  1 drivers
L_0x7f3913c852f8 .functor BUFT 1, C4<000000>, C4<0>, C4<0>, C4<0>;
v0x55965a5626c0_0 .net *"_ivl_60", 5 0, L_0x7f3913c852f8;  1 drivers
v0x55965a5627a0_0 .net *"_ivl_64", 0 0, L_0x55965a5847a0;  1 drivers
v0x55965a562880_0 .net *"_ivl_66", 0 0, L_0x55965a584860;  1 drivers
v0x55965a562960_0 .net *"_ivl_68", 5 0, L_0x55965a584970;  1 drivers
L_0x7f3913c83408 .functor BUFT 1, C4<00000>, C4<0>, C4<0>, C4<0>;
v0x55965a562a40_0 .net *"_ivl_71", 4 0, L_0x7f3913c83408;  1 drivers
v0x55965a562b20_0 .net *"_ivl_72", 0 0, L_0x55965a584af0;  1 drivers
v0x55965a562c00_0 .net *"_ivl_8", 1 0, L_0x55965a583550;  1 drivers
L_0x7f3913c832e8 .functor BUFT 1, C4<0>, C4<0>, C4<0>, C4<0>;
v0x55965a562ce0_0 .net "tmp1", 0 0, L_0x7f3913c832e8;  1 drivers
v0x55965a562da0_0 .net "tmp2", 0 0, L_0x55965a583710;  1 drivers
L_0x55965a583550 .arith/sum 2, L_0x7f3913c851d8, L_0x7f3913c83330;
L_0x55965a583710 .part L_0x55965a583550, 0, 1;
L_0x55965a583800 .array/port v0x55965a57df90, L_0x7f3913c85220;
L_0x55965a583950 .concat [ 1 1 1 1], L_0x55965a5835f0, L_0x55965a5835f0, L_0x55965a5835f0, L_0x55965a5835f0;
L_0x55965a583ba0 .array/port v0x55965a57df90, L_0x7f3913c852b0;
L_0x55965a583ca0 .concat [ 1 1 1 1], L_0x55965a583ba0, L_0x55965a583ba0, L_0x55965a583ba0, L_0x55965a583ba0;
L_0x55965a583e80 .array/port v0x55965a57df90, L_0x55965a583f20;
L_0x55965a583f20 .concat [ 1 5 0 0], L_0x55965a583710, L_0x7f3913c83378;
L_0x55965a584170 .concat [ 1 1 1 1], L_0x55965a5840b0, L_0x55965a5840b0, L_0x55965a5840b0, L_0x55965a5840b0;
L_0x55965a5843e0 .concat [ 1 3 0 0], L_0x55965a583710, L_0x7f3913c833c0;
L_0x55965a584700 .array/port v0x55965a57df90, L_0x7f3913c852f8;
L_0x55965a584860 .array/port v0x55965a57df90, L_0x55965a584970;
L_0x55965a584970 .concat [ 1 5 0 0], L_0x55965a583710, L_0x7f3913c83408;
S_0x55965a562e60 .scope generate, "genblk1[11]" "genblk1[11]" 2 64, 2 64 0, S_0x55965a54c6c0;
 .timescale 0 0;
P_0x55965a563010 .param/l "i_select" 0 2 64, +C4<01011>;
L_0x55965a584db0 .functor NOT 1, L_0x55965a584fc0, C4<0>, C4<0>, C4<0>;
L_0x7f3913c853d0 .functor BUFT 1, C4<0000>, C4<0>, C4<0>, C4<0>;
L_0x55965a585260 .functor AND 4, L_0x55965a585110, L_0x7f3913c853d0, C4<1111>, C4<1111>;
L_0x55965a5857e0 .functor NOT 1, L_0x55965a5855b0, C4<0>, C4<0>, C4<0>;
L_0x55965a585a20 .functor AND 4, L_0x55965a5853d0, L_0x55965a5858a0, C4<1111>, C4<1111>;
L_0x55965a585c10 .functor AND 4, L_0x55965a585a20, L_0x55965a585b10, C4<1111>, C4<1111>;
L_0x55965a585d20 .functor OR 4, L_0x55965a585260, L_0x55965a585c10, C4<0000>, C4<0000>;
L_0x55965a585ed0 .functor NOT 1, L_0x55965a585e30, C4<0>, C4<0>, C4<0>;
L_0x55965a5861d0 .functor NOT 1, L_0x55965a585f90, C4<0>, C4<0>, C4<0>;
L_0x55965a5862e0 .functor OR 1, L_0x55965a585ed0, L_0x55965a5861d0, C4<0>, C4<0>;
v0x55965a5630f0_0 .net *"_ivl_13", 0 0, L_0x55965a584fc0;  1 drivers
L_0x7f3913c85388 .functor BUFT 1, C4<000000>, C4<0>, C4<0>, C4<0>;
v0x55965a5631d0_0 .net *"_ivl_15", 5 0, L_0x7f3913c85388;  1 drivers
v0x55965a5632b0_0 .net *"_ivl_19", 0 0, L_0x55965a584db0;  1 drivers
L_0x7f3913c85340 .functor BUFT 1, C4<00>, C4<0>, C4<0>, C4<0>;
v0x55965a563370_0 .net *"_ivl_2", 1 0, L_0x7f3913c85340;  1 drivers
v0x55965a563450_0 .net *"_ivl_21", 3 0, L_0x55965a585110;  1 drivers
v0x55965a563580_0 .net *"_ivl_23", 3 0, L_0x7f3913c853d0;  1 drivers
v0x55965a563660_0 .net *"_ivl_27", 3 0, L_0x55965a585260;  1 drivers
v0x55965a563740_0 .net *"_ivl_29", 0 0, L_0x55965a5852d0;  1 drivers
L_0x7f3913c85418 .functor BUFT 1, C4<000000>, C4<0>, C4<0>, C4<0>;
v0x55965a563820_0 .net *"_ivl_31", 5 0, L_0x7f3913c85418;  1 drivers
v0x55965a563900_0 .net *"_ivl_35", 3 0, L_0x55965a5853d0;  1 drivers
v0x55965a5639e0_0 .net *"_ivl_37", 0 0, L_0x55965a5855b0;  1 drivers
v0x55965a563ac0_0 .net *"_ivl_39", 5 0, L_0x55965a585650;  1 drivers
L_0x7f3913c834e0 .functor BUFT 1, C4<00000>, C4<0>, C4<0>, C4<0>;
v0x55965a563ba0_0 .net *"_ivl_42", 4 0, L_0x7f3913c834e0;  1 drivers
v0x55965a563c80_0 .net *"_ivl_43", 0 0, L_0x55965a5857e0;  1 drivers
v0x55965a563d60_0 .net *"_ivl_45", 3 0, L_0x55965a5858a0;  1 drivers
v0x55965a563e40_0 .net *"_ivl_47", 3 0, L_0x55965a585a20;  1 drivers
v0x55965a563f20_0 .net *"_ivl_49", 3 0, L_0x55965a585b10;  1 drivers
L_0x7f3913c83528 .functor BUFT 1, C4<000>, C4<0>, C4<0>, C4<0>;
v0x55965a564110_0 .net *"_ivl_52", 2 0, L_0x7f3913c83528;  1 drivers
v0x55965a5641f0_0 .net *"_ivl_53", 3 0, L_0x55965a585c10;  1 drivers
v0x55965a5642d0_0 .net *"_ivl_58", 0 0, L_0x55965a585e30;  1 drivers
L_0x7f3913c83498 .functor BUFT 1, C4<01>, C4<0>, C4<0>, C4<0>;
v0x55965a5643b0_0 .net/2u *"_ivl_6", 1 0, L_0x7f3913c83498;  1 drivers
L_0x7f3913c85460 .functor BUFT 1, C4<000000>, C4<0>, C4<0>, C4<0>;
v0x55965a564490_0 .net *"_ivl_60", 5 0, L_0x7f3913c85460;  1 drivers
v0x55965a564570_0 .net *"_ivl_64", 0 0, L_0x55965a585ed0;  1 drivers
v0x55965a564650_0 .net *"_ivl_66", 0 0, L_0x55965a585f90;  1 drivers
v0x55965a564730_0 .net *"_ivl_68", 5 0, L_0x55965a5860a0;  1 drivers
L_0x7f3913c83570 .functor BUFT 1, C4<00000>, C4<0>, C4<0>, C4<0>;
v0x55965a564810_0 .net *"_ivl_71", 4 0, L_0x7f3913c83570;  1 drivers
v0x55965a5648f0_0 .net *"_ivl_72", 0 0, L_0x55965a5861d0;  1 drivers
v0x55965a5649d0_0 .net *"_ivl_8", 1 0, L_0x55965a584d10;  1 drivers
L_0x7f3913c83450 .functor BUFT 1, C4<0>, C4<0>, C4<0>, C4<0>;
v0x55965a564ab0_0 .net "tmp1", 0 0, L_0x7f3913c83450;  1 drivers
v0x55965a564b70_0 .net "tmp2", 0 0, L_0x55965a584ed0;  1 drivers
L_0x55965a584d10 .arith/sum 2, L_0x7f3913c85340, L_0x7f3913c83498;
L_0x55965a584ed0 .part L_0x55965a584d10, 0, 1;
L_0x55965a584fc0 .array/port v0x55965a57df90, L_0x7f3913c85388;
L_0x55965a585110 .concat [ 1 1 1 1], L_0x55965a584db0, L_0x55965a584db0, L_0x55965a584db0, L_0x55965a584db0;
L_0x55965a5852d0 .array/port v0x55965a57df90, L_0x7f3913c85418;
L_0x55965a5853d0 .concat [ 1 1 1 1], L_0x55965a5852d0, L_0x55965a5852d0, L_0x55965a5852d0, L_0x55965a5852d0;
L_0x55965a5855b0 .array/port v0x55965a57df90, L_0x55965a585650;
L_0x55965a585650 .concat [ 1 5 0 0], L_0x55965a584ed0, L_0x7f3913c834e0;
L_0x55965a5858a0 .concat [ 1 1 1 1], L_0x55965a5857e0, L_0x55965a5857e0, L_0x55965a5857e0, L_0x55965a5857e0;
L_0x55965a585b10 .concat [ 1 3 0 0], L_0x55965a584ed0, L_0x7f3913c83528;
L_0x55965a585e30 .array/port v0x55965a57df90, L_0x7f3913c85460;
L_0x55965a585f90 .array/port v0x55965a57df90, L_0x55965a5860a0;
L_0x55965a5860a0 .concat [ 1 5 0 0], L_0x55965a584ed0, L_0x7f3913c83570;
S_0x55965a564c30 .scope generate, "genblk1[12]" "genblk1[12]" 2 64, 2 64 0, S_0x55965a54c6c0;
 .timescale 0 0;
P_0x55965a564e30 .param/l "i_select" 0 2 64, +C4<01100>;
L_0x55965a586490 .functor NOT 1, L_0x55965a5866a0, C4<0>, C4<0>, C4<0>;
L_0x7f3913c85538 .functor BUFT 1, C4<0000>, C4<0>, C4<0>, C4<0>;
L_0x55965a5869d0 .functor AND 4, L_0x55965a5867f0, L_0x7f3913c85538, C4<1111>, C4<1111>;
L_0x55965a586f50 .functor NOT 1, L_0x55965a586d20, C4<0>, C4<0>, C4<0>;
L_0x55965a587190 .functor AND 4, L_0x55965a586b40, L_0x55965a587010, C4<1111>, C4<1111>;
L_0x55965a587380 .functor AND 4, L_0x55965a587190, L_0x55965a587280, C4<1111>, C4<1111>;
L_0x55965a587490 .functor OR 4, L_0x55965a5869d0, L_0x55965a587380, C4<0000>, C4<0000>;
L_0x55965a587640 .functor NOT 1, L_0x55965a5875a0, C4<0>, C4<0>, C4<0>;
L_0x55965a587990 .functor NOT 1, L_0x55965a587700, C4<0>, C4<0>, C4<0>;
L_0x55965a587aa0 .functor OR 1, L_0x55965a587640, L_0x55965a587990, C4<0>, C4<0>;
v0x55965a564f10_0 .net *"_ivl_13", 0 0, L_0x55965a5866a0;  1 drivers
L_0x7f3913c854f0 .functor BUFT 1, C4<000000>, C4<0>, C4<0>, C4<0>;
v0x55965a564ff0_0 .net *"_ivl_15", 5 0, L_0x7f3913c854f0;  1 drivers
v0x55965a5650d0_0 .net *"_ivl_19", 0 0, L_0x55965a586490;  1 drivers
L_0x7f3913c854a8 .functor BUFT 1, C4<00>, C4<0>, C4<0>, C4<0>;
v0x55965a565190_0 .net *"_ivl_2", 1 0, L_0x7f3913c854a8;  1 drivers
v0x55965a565270_0 .net *"_ivl_21", 3 0, L_0x55965a5867f0;  1 drivers
v0x55965a5653a0_0 .net *"_ivl_23", 3 0, L_0x7f3913c85538;  1 drivers
v0x55965a565480_0 .net *"_ivl_27", 3 0, L_0x55965a5869d0;  1 drivers
v0x55965a565560_0 .net *"_ivl_29", 0 0, L_0x55965a586a40;  1 drivers
L_0x7f3913c85580 .functor BUFT 1, C4<000000>, C4<0>, C4<0>, C4<0>;
v0x55965a565640_0 .net *"_ivl_31", 5 0, L_0x7f3913c85580;  1 drivers
v0x55965a565720_0 .net *"_ivl_35", 3 0, L_0x55965a586b40;  1 drivers
v0x55965a565800_0 .net *"_ivl_37", 0 0, L_0x55965a586d20;  1 drivers
v0x55965a5658e0_0 .net *"_ivl_39", 5 0, L_0x55965a586dc0;  1 drivers
L_0x7f3913c83648 .functor BUFT 1, C4<00000>, C4<0>, C4<0>, C4<0>;
v0x55965a5659c0_0 .net *"_ivl_42", 4 0, L_0x7f3913c83648;  1 drivers
v0x55965a565aa0_0 .net *"_ivl_43", 0 0, L_0x55965a586f50;  1 drivers
v0x55965a565b80_0 .net *"_ivl_45", 3 0, L_0x55965a587010;  1 drivers
v0x55965a565c60_0 .net *"_ivl_47", 3 0, L_0x55965a587190;  1 drivers
v0x55965a565d40_0 .net *"_ivl_49", 3 0, L_0x55965a587280;  1 drivers
L_0x7f3913c83690 .functor BUFT 1, C4<000>, C4<0>, C4<0>, C4<0>;
v0x55965a565f30_0 .net *"_ivl_52", 2 0, L_0x7f3913c83690;  1 drivers
v0x55965a566010_0 .net *"_ivl_53", 3 0, L_0x55965a587380;  1 drivers
v0x55965a5660f0_0 .net *"_ivl_58", 0 0, L_0x55965a5875a0;  1 drivers
L_0x7f3913c83600 .functor BUFT 1, C4<01>, C4<0>, C4<0>, C4<0>;
v0x55965a5661d0_0 .net/2u *"_ivl_6", 1 0, L_0x7f3913c83600;  1 drivers
L_0x7f3913c855c8 .functor BUFT 1, C4<000000>, C4<0>, C4<0>, C4<0>;
v0x55965a5662b0_0 .net *"_ivl_60", 5 0, L_0x7f3913c855c8;  1 drivers
v0x55965a566390_0 .net *"_ivl_64", 0 0, L_0x55965a587640;  1 drivers
v0x55965a566470_0 .net *"_ivl_66", 0 0, L_0x55965a587700;  1 drivers
v0x55965a566550_0 .net *"_ivl_68", 5 0, L_0x55965a587810;  1 drivers
L_0x7f3913c836d8 .functor BUFT 1, C4<00000>, C4<0>, C4<0>, C4<0>;
v0x55965a566630_0 .net *"_ivl_71", 4 0, L_0x7f3913c836d8;  1 drivers
v0x55965a566710_0 .net *"_ivl_72", 0 0, L_0x55965a587990;  1 drivers
v0x55965a5667f0_0 .net *"_ivl_8", 1 0, L_0x55965a5863f0;  1 drivers
L_0x7f3913c835b8 .functor BUFT 1, C4<0>, C4<0>, C4<0>, C4<0>;
v0x55965a5668d0_0 .net "tmp1", 0 0, L_0x7f3913c835b8;  1 drivers
v0x55965a566990_0 .net "tmp2", 0 0, L_0x55965a5865b0;  1 drivers
L_0x55965a5863f0 .arith/sum 2, L_0x7f3913c854a8, L_0x7f3913c83600;
L_0x55965a5865b0 .part L_0x55965a5863f0, 0, 1;
L_0x55965a5866a0 .array/port v0x55965a57df90, L_0x7f3913c854f0;
L_0x55965a5867f0 .concat [ 1 1 1 1], L_0x55965a586490, L_0x55965a586490, L_0x55965a586490, L_0x55965a586490;
L_0x55965a586a40 .array/port v0x55965a57df90, L_0x7f3913c85580;
L_0x55965a586b40 .concat [ 1 1 1 1], L_0x55965a586a40, L_0x55965a586a40, L_0x55965a586a40, L_0x55965a586a40;
L_0x55965a586d20 .array/port v0x55965a57df90, L_0x55965a586dc0;
L_0x55965a586dc0 .concat [ 1 5 0 0], L_0x55965a5865b0, L_0x7f3913c83648;
L_0x55965a587010 .concat [ 1 1 1 1], L_0x55965a586f50, L_0x55965a586f50, L_0x55965a586f50, L_0x55965a586f50;
L_0x55965a587280 .concat [ 1 3 0 0], L_0x55965a5865b0, L_0x7f3913c83690;
L_0x55965a5875a0 .array/port v0x55965a57df90, L_0x7f3913c855c8;
L_0x55965a587700 .array/port v0x55965a57df90, L_0x55965a587810;
L_0x55965a587810 .concat [ 1 5 0 0], L_0x55965a5865b0, L_0x7f3913c836d8;
S_0x55965a566a50 .scope generate, "genblk1[13]" "genblk1[13]" 2 64, 2 64 0, S_0x55965a54c6c0;
 .timescale 0 0;
P_0x55965a566c00 .param/l "i_select" 0 2 64, +C4<01101>;
L_0x55965a587c50 .functor NOT 1, L_0x55965a587e60, C4<0>, C4<0>, C4<0>;
L_0x7f3913c856a0 .functor BUFT 1, C4<0000>, C4<0>, C4<0>, C4<0>;
L_0x55965a588190 .functor AND 4, L_0x55965a587fb0, L_0x7f3913c856a0, C4<1111>, C4<1111>;
L_0x55965a588710 .functor NOT 1, L_0x55965a5884e0, C4<0>, C4<0>, C4<0>;
L_0x55965a588950 .functor AND 4, L_0x55965a588300, L_0x55965a5887d0, C4<1111>, C4<1111>;
L_0x55965a588b40 .functor AND 4, L_0x55965a588950, L_0x55965a588a40, C4<1111>, C4<1111>;
L_0x55965a588c50 .functor OR 4, L_0x55965a588190, L_0x55965a588b40, C4<0000>, C4<0000>;
L_0x55965a588e00 .functor NOT 1, L_0x55965a588d60, C4<0>, C4<0>, C4<0>;
L_0x55965a589150 .functor NOT 1, L_0x55965a588ec0, C4<0>, C4<0>, C4<0>;
L_0x55965a589260 .functor OR 1, L_0x55965a588e00, L_0x55965a589150, C4<0>, C4<0>;
v0x55965a566ce0_0 .net *"_ivl_13", 0 0, L_0x55965a587e60;  1 drivers
L_0x7f3913c85658 .functor BUFT 1, C4<000000>, C4<0>, C4<0>, C4<0>;
v0x55965a566dc0_0 .net *"_ivl_15", 5 0, L_0x7f3913c85658;  1 drivers
v0x55965a566ea0_0 .net *"_ivl_19", 0 0, L_0x55965a587c50;  1 drivers
L_0x7f3913c85610 .functor BUFT 1, C4<00>, C4<0>, C4<0>, C4<0>;
v0x55965a566f60_0 .net *"_ivl_2", 1 0, L_0x7f3913c85610;  1 drivers
v0x55965a567040_0 .net *"_ivl_21", 3 0, L_0x55965a587fb0;  1 drivers
v0x55965a567170_0 .net *"_ivl_23", 3 0, L_0x7f3913c856a0;  1 drivers
v0x55965a567250_0 .net *"_ivl_27", 3 0, L_0x55965a588190;  1 drivers
v0x55965a567330_0 .net *"_ivl_29", 0 0, L_0x55965a588200;  1 drivers
L_0x7f3913c856e8 .functor BUFT 1, C4<000000>, C4<0>, C4<0>, C4<0>;
v0x55965a567410_0 .net *"_ivl_31", 5 0, L_0x7f3913c856e8;  1 drivers
v0x55965a5674f0_0 .net *"_ivl_35", 3 0, L_0x55965a588300;  1 drivers
v0x55965a5675d0_0 .net *"_ivl_37", 0 0, L_0x55965a5884e0;  1 drivers
v0x55965a5676b0_0 .net *"_ivl_39", 5 0, L_0x55965a588580;  1 drivers
L_0x7f3913c837b0 .functor BUFT 1, C4<00000>, C4<0>, C4<0>, C4<0>;
v0x55965a567790_0 .net *"_ivl_42", 4 0, L_0x7f3913c837b0;  1 drivers
v0x55965a567870_0 .net *"_ivl_43", 0 0, L_0x55965a588710;  1 drivers
v0x55965a567950_0 .net *"_ivl_45", 3 0, L_0x55965a5887d0;  1 drivers
v0x55965a567a30_0 .net *"_ivl_47", 3 0, L_0x55965a588950;  1 drivers
v0x55965a567b10_0 .net *"_ivl_49", 3 0, L_0x55965a588a40;  1 drivers
L_0x7f3913c837f8 .functor BUFT 1, C4<000>, C4<0>, C4<0>, C4<0>;
v0x55965a567d00_0 .net *"_ivl_52", 2 0, L_0x7f3913c837f8;  1 drivers
v0x55965a567de0_0 .net *"_ivl_53", 3 0, L_0x55965a588b40;  1 drivers
v0x55965a567ec0_0 .net *"_ivl_58", 0 0, L_0x55965a588d60;  1 drivers
L_0x7f3913c83768 .functor BUFT 1, C4<01>, C4<0>, C4<0>, C4<0>;
v0x55965a567fa0_0 .net/2u *"_ivl_6", 1 0, L_0x7f3913c83768;  1 drivers
L_0x7f3913c85730 .functor BUFT 1, C4<000000>, C4<0>, C4<0>, C4<0>;
v0x55965a568080_0 .net *"_ivl_60", 5 0, L_0x7f3913c85730;  1 drivers
v0x55965a568160_0 .net *"_ivl_64", 0 0, L_0x55965a588e00;  1 drivers
v0x55965a568240_0 .net *"_ivl_66", 0 0, L_0x55965a588ec0;  1 drivers
v0x55965a568320_0 .net *"_ivl_68", 5 0, L_0x55965a588fd0;  1 drivers
L_0x7f3913c83840 .functor BUFT 1, C4<00000>, C4<0>, C4<0>, C4<0>;
v0x55965a568400_0 .net *"_ivl_71", 4 0, L_0x7f3913c83840;  1 drivers
v0x55965a5684e0_0 .net *"_ivl_72", 0 0, L_0x55965a589150;  1 drivers
v0x55965a5685c0_0 .net *"_ivl_8", 1 0, L_0x55965a587bb0;  1 drivers
L_0x7f3913c83720 .functor BUFT 1, C4<0>, C4<0>, C4<0>, C4<0>;
v0x55965a5686a0_0 .net "tmp1", 0 0, L_0x7f3913c83720;  1 drivers
v0x55965a568760_0 .net "tmp2", 0 0, L_0x55965a587d70;  1 drivers
L_0x55965a587bb0 .arith/sum 2, L_0x7f3913c85610, L_0x7f3913c83768;
L_0x55965a587d70 .part L_0x55965a587bb0, 0, 1;
L_0x55965a587e60 .array/port v0x55965a57df90, L_0x7f3913c85658;
L_0x55965a587fb0 .concat [ 1 1 1 1], L_0x55965a587c50, L_0x55965a587c50, L_0x55965a587c50, L_0x55965a587c50;
L_0x55965a588200 .array/port v0x55965a57df90, L_0x7f3913c856e8;
L_0x55965a588300 .concat [ 1 1 1 1], L_0x55965a588200, L_0x55965a588200, L_0x55965a588200, L_0x55965a588200;
L_0x55965a5884e0 .array/port v0x55965a57df90, L_0x55965a588580;
L_0x55965a588580 .concat [ 1 5 0 0], L_0x55965a587d70, L_0x7f3913c837b0;
L_0x55965a5887d0 .concat [ 1 1 1 1], L_0x55965a588710, L_0x55965a588710, L_0x55965a588710, L_0x55965a588710;
L_0x55965a588a40 .concat [ 1 3 0 0], L_0x55965a587d70, L_0x7f3913c837f8;
L_0x55965a588d60 .array/port v0x55965a57df90, L_0x7f3913c85730;
L_0x55965a588ec0 .array/port v0x55965a57df90, L_0x55965a588fd0;
L_0x55965a588fd0 .concat [ 1 5 0 0], L_0x55965a587d70, L_0x7f3913c83840;
S_0x55965a568820 .scope generate, "genblk1[14]" "genblk1[14]" 2 64, 2 64 0, S_0x55965a54c6c0;
 .timescale 0 0;
P_0x55965a5689d0 .param/l "i_select" 0 2 64, +C4<01110>;
L_0x55965a589410 .functor NOT 1, L_0x55965a589620, C4<0>, C4<0>, C4<0>;
L_0x7f3913c85808 .functor BUFT 1, C4<0000>, C4<0>, C4<0>, C4<0>;
L_0x55965a589950 .functor AND 4, L_0x55965a589770, L_0x7f3913c85808, C4<1111>, C4<1111>;
L_0x55965a58a0e0 .functor NOT 1, L_0x55965a589ca0, C4<0>, C4<0>, C4<0>;
L_0x55965a58a320 .functor AND 4, L_0x55965a589ac0, L_0x55965a58a1a0, C4<1111>, C4<1111>;
L_0x55965a58a510 .functor AND 4, L_0x55965a58a320, L_0x55965a58a410, C4<1111>, C4<1111>;
L_0x55965a58a620 .functor OR 4, L_0x55965a589950, L_0x55965a58a510, C4<0000>, C4<0000>;
L_0x55965a58a7d0 .functor NOT 1, L_0x55965a58a730, C4<0>, C4<0>, C4<0>;
L_0x55965a58ab20 .functor NOT 1, L_0x55965a58a890, C4<0>, C4<0>, C4<0>;
L_0x55965a58ac30 .functor OR 1, L_0x55965a58a7d0, L_0x55965a58ab20, C4<0>, C4<0>;
v0x55965a568ab0_0 .net *"_ivl_13", 0 0, L_0x55965a589620;  1 drivers
L_0x7f3913c857c0 .functor BUFT 1, C4<000000>, C4<0>, C4<0>, C4<0>;
v0x55965a568b90_0 .net *"_ivl_15", 5 0, L_0x7f3913c857c0;  1 drivers
v0x55965a568c70_0 .net *"_ivl_19", 0 0, L_0x55965a589410;  1 drivers
L_0x7f3913c85778 .functor BUFT 1, C4<00>, C4<0>, C4<0>, C4<0>;
v0x55965a568d30_0 .net *"_ivl_2", 1 0, L_0x7f3913c85778;  1 drivers
v0x55965a568e10_0 .net *"_ivl_21", 3 0, L_0x55965a589770;  1 drivers
v0x55965a568f40_0 .net *"_ivl_23", 3 0, L_0x7f3913c85808;  1 drivers
v0x55965a569020_0 .net *"_ivl_27", 3 0, L_0x55965a589950;  1 drivers
v0x55965a569100_0 .net *"_ivl_29", 0 0, L_0x55965a5899c0;  1 drivers
L_0x7f3913c85850 .functor BUFT 1, C4<000000>, C4<0>, C4<0>, C4<0>;
v0x55965a5691e0_0 .net *"_ivl_31", 5 0, L_0x7f3913c85850;  1 drivers
v0x55965a5692c0_0 .net *"_ivl_35", 3 0, L_0x55965a589ac0;  1 drivers
v0x55965a5693a0_0 .net *"_ivl_37", 0 0, L_0x55965a589ca0;  1 drivers
v0x55965a569480_0 .net *"_ivl_39", 5 0, L_0x55965a589d40;  1 drivers
L_0x7f3913c83918 .functor BUFT 1, C4<00000>, C4<0>, C4<0>, C4<0>;
v0x55965a569560_0 .net *"_ivl_42", 4 0, L_0x7f3913c83918;  1 drivers
v0x55965a569640_0 .net *"_ivl_43", 0 0, L_0x55965a58a0e0;  1 drivers
v0x55965a569720_0 .net *"_ivl_45", 3 0, L_0x55965a58a1a0;  1 drivers
v0x55965a569800_0 .net *"_ivl_47", 3 0, L_0x55965a58a320;  1 drivers
v0x55965a5698e0_0 .net *"_ivl_49", 3 0, L_0x55965a58a410;  1 drivers
L_0x7f3913c83960 .functor BUFT 1, C4<000>, C4<0>, C4<0>, C4<0>;
v0x55965a569ad0_0 .net *"_ivl_52", 2 0, L_0x7f3913c83960;  1 drivers
v0x55965a569bb0_0 .net *"_ivl_53", 3 0, L_0x55965a58a510;  1 drivers
v0x55965a569c90_0 .net *"_ivl_58", 0 0, L_0x55965a58a730;  1 drivers
L_0x7f3913c838d0 .functor BUFT 1, C4<01>, C4<0>, C4<0>, C4<0>;
v0x55965a569d70_0 .net/2u *"_ivl_6", 1 0, L_0x7f3913c838d0;  1 drivers
L_0x7f3913c85898 .functor BUFT 1, C4<000000>, C4<0>, C4<0>, C4<0>;
v0x55965a569e50_0 .net *"_ivl_60", 5 0, L_0x7f3913c85898;  1 drivers
v0x55965a569f30_0 .net *"_ivl_64", 0 0, L_0x55965a58a7d0;  1 drivers
v0x55965a56a010_0 .net *"_ivl_66", 0 0, L_0x55965a58a890;  1 drivers
v0x55965a56a0f0_0 .net *"_ivl_68", 5 0, L_0x55965a58a9a0;  1 drivers
L_0x7f3913c839a8 .functor BUFT 1, C4<00000>, C4<0>, C4<0>, C4<0>;
v0x55965a56a1d0_0 .net *"_ivl_71", 4 0, L_0x7f3913c839a8;  1 drivers
v0x55965a56a2b0_0 .net *"_ivl_72", 0 0, L_0x55965a58ab20;  1 drivers
v0x55965a56a390_0 .net *"_ivl_8", 1 0, L_0x55965a589370;  1 drivers
L_0x7f3913c83888 .functor BUFT 1, C4<0>, C4<0>, C4<0>, C4<0>;
v0x55965a56a470_0 .net "tmp1", 0 0, L_0x7f3913c83888;  1 drivers
v0x55965a56a530_0 .net "tmp2", 0 0, L_0x55965a589530;  1 drivers
L_0x55965a589370 .arith/sum 2, L_0x7f3913c85778, L_0x7f3913c838d0;
L_0x55965a589530 .part L_0x55965a589370, 0, 1;
L_0x55965a589620 .array/port v0x55965a57df90, L_0x7f3913c857c0;
L_0x55965a589770 .concat [ 1 1 1 1], L_0x55965a589410, L_0x55965a589410, L_0x55965a589410, L_0x55965a589410;
L_0x55965a5899c0 .array/port v0x55965a57df90, L_0x7f3913c85850;
L_0x55965a589ac0 .concat [ 1 1 1 1], L_0x55965a5899c0, L_0x55965a5899c0, L_0x55965a5899c0, L_0x55965a5899c0;
L_0x55965a589ca0 .array/port v0x55965a57df90, L_0x55965a589d40;
L_0x55965a589d40 .concat [ 1 5 0 0], L_0x55965a589530, L_0x7f3913c83918;
L_0x55965a58a1a0 .concat [ 1 1 1 1], L_0x55965a58a0e0, L_0x55965a58a0e0, L_0x55965a58a0e0, L_0x55965a58a0e0;
L_0x55965a58a410 .concat [ 1 3 0 0], L_0x55965a589530, L_0x7f3913c83960;
L_0x55965a58a730 .array/port v0x55965a57df90, L_0x7f3913c85898;
L_0x55965a58a890 .array/port v0x55965a57df90, L_0x55965a58a9a0;
L_0x55965a58a9a0 .concat [ 1 5 0 0], L_0x55965a589530, L_0x7f3913c839a8;
S_0x55965a56a5f0 .scope generate, "genblk1[15]" "genblk1[15]" 2 64, 2 64 0, S_0x55965a54c6c0;
 .timescale 0 0;
P_0x55965a56a7a0 .param/l "i_select" 0 2 64, +C4<01111>;
L_0x55965a58ade0 .functor NOT 1, L_0x55965a58aff0, C4<0>, C4<0>, C4<0>;
L_0x7f3913c85970 .functor BUFT 1, C4<0000>, C4<0>, C4<0>, C4<0>;
L_0x55965a58b320 .functor AND 4, L_0x55965a58b140, L_0x7f3913c85970, C4<1111>, C4<1111>;
L_0x55965a58b8a0 .functor NOT 1, L_0x55965a58b670, C4<0>, C4<0>, C4<0>;
L_0x55965a58bae0 .functor AND 4, L_0x55965a58b490, L_0x55965a58b960, C4<1111>, C4<1111>;
L_0x55965a58bcd0 .functor AND 4, L_0x55965a58bae0, L_0x55965a58bbd0, C4<1111>, C4<1111>;
L_0x55965a58bde0 .functor OR 4, L_0x55965a58b320, L_0x55965a58bcd0, C4<0000>, C4<0000>;
L_0x55965a58bf90 .functor NOT 1, L_0x55965a58bef0, C4<0>, C4<0>, C4<0>;
L_0x55965a58c2e0 .functor NOT 1, L_0x55965a58c050, C4<0>, C4<0>, C4<0>;
L_0x55965a58c3f0 .functor OR 1, L_0x55965a58bf90, L_0x55965a58c2e0, C4<0>, C4<0>;
v0x55965a56a880_0 .net *"_ivl_13", 0 0, L_0x55965a58aff0;  1 drivers
L_0x7f3913c85928 .functor BUFT 1, C4<000000>, C4<0>, C4<0>, C4<0>;
v0x55965a56a960_0 .net *"_ivl_15", 5 0, L_0x7f3913c85928;  1 drivers
v0x55965a56aa40_0 .net *"_ivl_19", 0 0, L_0x55965a58ade0;  1 drivers
L_0x7f3913c858e0 .functor BUFT 1, C4<00>, C4<0>, C4<0>, C4<0>;
v0x55965a56ab00_0 .net *"_ivl_2", 1 0, L_0x7f3913c858e0;  1 drivers
v0x55965a56abe0_0 .net *"_ivl_21", 3 0, L_0x55965a58b140;  1 drivers
v0x55965a56ad10_0 .net *"_ivl_23", 3 0, L_0x7f3913c85970;  1 drivers
v0x55965a56adf0_0 .net *"_ivl_27", 3 0, L_0x55965a58b320;  1 drivers
v0x55965a56aed0_0 .net *"_ivl_29", 0 0, L_0x55965a58b390;  1 drivers
L_0x7f3913c859b8 .functor BUFT 1, C4<000000>, C4<0>, C4<0>, C4<0>;
v0x55965a56afb0_0 .net *"_ivl_31", 5 0, L_0x7f3913c859b8;  1 drivers
v0x55965a56b090_0 .net *"_ivl_35", 3 0, L_0x55965a58b490;  1 drivers
v0x55965a56b170_0 .net *"_ivl_37", 0 0, L_0x55965a58b670;  1 drivers
v0x55965a56b250_0 .net *"_ivl_39", 5 0, L_0x55965a58b710;  1 drivers
L_0x7f3913c83a80 .functor BUFT 1, C4<00000>, C4<0>, C4<0>, C4<0>;
v0x55965a56b330_0 .net *"_ivl_42", 4 0, L_0x7f3913c83a80;  1 drivers
v0x55965a56b410_0 .net *"_ivl_43", 0 0, L_0x55965a58b8a0;  1 drivers
v0x55965a56b4f0_0 .net *"_ivl_45", 3 0, L_0x55965a58b960;  1 drivers
v0x55965a56b5d0_0 .net *"_ivl_47", 3 0, L_0x55965a58bae0;  1 drivers
v0x55965a56b6b0_0 .net *"_ivl_49", 3 0, L_0x55965a58bbd0;  1 drivers
L_0x7f3913c83ac8 .functor BUFT 1, C4<000>, C4<0>, C4<0>, C4<0>;
v0x55965a56b8a0_0 .net *"_ivl_52", 2 0, L_0x7f3913c83ac8;  1 drivers
v0x55965a56b980_0 .net *"_ivl_53", 3 0, L_0x55965a58bcd0;  1 drivers
v0x55965a56ba60_0 .net *"_ivl_58", 0 0, L_0x55965a58bef0;  1 drivers
L_0x7f3913c83a38 .functor BUFT 1, C4<01>, C4<0>, C4<0>, C4<0>;
v0x55965a56bb40_0 .net/2u *"_ivl_6", 1 0, L_0x7f3913c83a38;  1 drivers
L_0x7f3913c85a00 .functor BUFT 1, C4<000000>, C4<0>, C4<0>, C4<0>;
v0x55965a56bc20_0 .net *"_ivl_60", 5 0, L_0x7f3913c85a00;  1 drivers
v0x55965a56bd00_0 .net *"_ivl_64", 0 0, L_0x55965a58bf90;  1 drivers
v0x55965a56bde0_0 .net *"_ivl_66", 0 0, L_0x55965a58c050;  1 drivers
v0x55965a56bec0_0 .net *"_ivl_68", 5 0, L_0x55965a58c160;  1 drivers
L_0x7f3913c83b10 .functor BUFT 1, C4<00000>, C4<0>, C4<0>, C4<0>;
v0x55965a56bfa0_0 .net *"_ivl_71", 4 0, L_0x7f3913c83b10;  1 drivers
v0x55965a56c080_0 .net *"_ivl_72", 0 0, L_0x55965a58c2e0;  1 drivers
v0x55965a56c160_0 .net *"_ivl_8", 1 0, L_0x55965a58ad40;  1 drivers
L_0x7f3913c839f0 .functor BUFT 1, C4<0>, C4<0>, C4<0>, C4<0>;
v0x55965a56c240_0 .net "tmp1", 0 0, L_0x7f3913c839f0;  1 drivers
v0x55965a56c300_0 .net "tmp2", 0 0, L_0x55965a58af00;  1 drivers
L_0x55965a58ad40 .arith/sum 2, L_0x7f3913c858e0, L_0x7f3913c83a38;
L_0x55965a58af00 .part L_0x55965a58ad40, 0, 1;
L_0x55965a58aff0 .array/port v0x55965a57df90, L_0x7f3913c85928;
L_0x55965a58b140 .concat [ 1 1 1 1], L_0x55965a58ade0, L_0x55965a58ade0, L_0x55965a58ade0, L_0x55965a58ade0;
L_0x55965a58b390 .array/port v0x55965a57df90, L_0x7f3913c859b8;
L_0x55965a58b490 .concat [ 1 1 1 1], L_0x55965a58b390, L_0x55965a58b390, L_0x55965a58b390, L_0x55965a58b390;
L_0x55965a58b670 .array/port v0x55965a57df90, L_0x55965a58b710;
L_0x55965a58b710 .concat [ 1 5 0 0], L_0x55965a58af00, L_0x7f3913c83a80;
L_0x55965a58b960 .concat [ 1 1 1 1], L_0x55965a58b8a0, L_0x55965a58b8a0, L_0x55965a58b8a0, L_0x55965a58b8a0;
L_0x55965a58bbd0 .concat [ 1 3 0 0], L_0x55965a58af00, L_0x7f3913c83ac8;
L_0x55965a58bef0 .array/port v0x55965a57df90, L_0x7f3913c85a00;
L_0x55965a58c050 .array/port v0x55965a57df90, L_0x55965a58c160;
L_0x55965a58c160 .concat [ 1 5 0 0], L_0x55965a58af00, L_0x7f3913c83b10;
S_0x55965a56c3c0 .scope generate, "genblk2[1]" "genblk2[1]" 2 71, 2 71 0, S_0x55965a54c6c0;
 .timescale 0 0;
P_0x55965a564de0 .param/l "i_select" 0 2 71, +C4<01>;
L_0x55965a58c5a0 .functor NOT 1, L_0x55965a58c7b0, C4<0>, C4<0>, C4<0>;
L_0x55965a58cd90 .functor AND 4, L_0x55965a58ca70, L_0x55965a58cc20, C4<1111>, C4<1111>;
L_0x55965a58d0b0 .functor NOT 1, L_0x55965a58d370, C4<0>, C4<0>, C4<0>;
L_0x55965a58d510 .functor AND 4, L_0x55965a58d1c0, L_0x55965a58d760, C4<1111>, C4<1111>;
L_0x55965a58dcd0 .functor AND 4, L_0x55965a58d510, L_0x55965a58d9e0, C4<1111>, C4<1111>;
L_0x55965a58ded0 .functor OR 4, L_0x55965a58cd90, L_0x55965a58dcd0, C4<0000>, C4<0000>;
L_0x55965a58e360 .functor AND 1, L_0x55965a58dfe0, L_0x55965a58e120, C4<1>, C4<1>;
L_0x55965a58e470 .functor NOT 1, L_0x55965a58e360, C4<0>, C4<0>, C4<0>;
v0x55965a56c600_0 .net *"_ivl_13", 0 0, L_0x55965a58c7b0;  1 drivers
L_0x7f3913c85a90 .functor BUFT 1, C4<000000>, C4<0>, C4<0>, C4<0>;
v0x55965a56c6e0_0 .net *"_ivl_15", 5 0, L_0x7f3913c85a90;  1 drivers
L_0x7f3913c83be8 .functor BUFT 1, C4<000001>, C4<0>, C4<0>, C4<0>;
v0x55965a56c7c0_0 .net/2u *"_ivl_19", 5 0, L_0x7f3913c83be8;  1 drivers
L_0x7f3913c85a48 .functor BUFT 1, C4<00>, C4<0>, C4<0>, C4<0>;
v0x55965a56c880_0 .net *"_ivl_2", 1 0, L_0x7f3913c85a48;  1 drivers
v0x55965a56c960_0 .net *"_ivl_21", 5 0, L_0x55965a58c8b0;  1 drivers
v0x55965a56ca90_0 .net *"_ivl_23", 0 0, L_0x55965a58c5a0;  1 drivers
v0x55965a56cb70_0 .net *"_ivl_25", 3 0, L_0x55965a58ca70;  1 drivers
v0x55965a56cc50_0 .net *"_ivl_27", 3 0, L_0x55965a58cc20;  1 drivers
L_0x7f3913c85ad8 .functor BUFT 1, C4<000000>, C4<0>, C4<0>, C4<0>;
v0x55965a56cd30_0 .net *"_ivl_29", 5 0, L_0x7f3913c85ad8;  1 drivers
L_0x7f3913c83c30 .functor BUFT 1, C4<000001>, C4<0>, C4<0>, C4<0>;
v0x55965a56ce10_0 .net/2u *"_ivl_33", 5 0, L_0x7f3913c83c30;  1 drivers
v0x55965a56cef0_0 .net *"_ivl_35", 5 0, L_0x55965a58ccf0;  1 drivers
v0x55965a56cfd0_0 .net *"_ivl_37", 3 0, L_0x55965a58cd90;  1 drivers
v0x55965a56d0b0_0 .net *"_ivl_39", 0 0, L_0x55965a58cef0;  1 drivers
L_0x7f3913c85b20 .functor BUFT 1, C4<000000>, C4<0>, C4<0>, C4<0>;
v0x55965a56d190_0 .net *"_ivl_41", 5 0, L_0x7f3913c85b20;  1 drivers
L_0x7f3913c83c78 .functor BUFT 1, C4<000001>, C4<0>, C4<0>, C4<0>;
v0x55965a56d270_0 .net/2u *"_ivl_45", 5 0, L_0x7f3913c83c78;  1 drivers
v0x55965a56d350_0 .net *"_ivl_47", 5 0, L_0x55965a58d010;  1 drivers
v0x55965a56d430_0 .net *"_ivl_49", 3 0, L_0x55965a58d1c0;  1 drivers
v0x55965a56d620_0 .net *"_ivl_51", 0 0, L_0x55965a58d370;  1 drivers
v0x55965a56d700_0 .net *"_ivl_53", 5 0, L_0x55965a58d440;  1 drivers
L_0x7f3913c83cc0 .functor BUFT 1, C4<00000>, C4<0>, C4<0>, C4<0>;
v0x55965a56d7e0_0 .net *"_ivl_56", 4 0, L_0x7f3913c83cc0;  1 drivers
L_0x7f3913c83d08 .functor BUFT 1, C4<000001>, C4<0>, C4<0>, C4<0>;
v0x55965a56d8c0_0 .net/2u *"_ivl_57", 5 0, L_0x7f3913c83d08;  1 drivers
v0x55965a56d9a0_0 .net *"_ivl_59", 5 0, L_0x55965a58d580;  1 drivers
L_0x7f3913c83ba0 .functor BUFT 1, C4<01>, C4<0>, C4<0>, C4<0>;
v0x55965a56da80_0 .net/2u *"_ivl_6", 1 0, L_0x7f3913c83ba0;  1 drivers
v0x55965a56db60_0 .net *"_ivl_61", 0 0, L_0x55965a58d0b0;  1 drivers
v0x55965a56dc40_0 .net *"_ivl_63", 3 0, L_0x55965a58d760;  1 drivers
v0x55965a56dd20_0 .net *"_ivl_65", 3 0, L_0x55965a58d510;  1 drivers
v0x55965a56de00_0 .net *"_ivl_67", 3 0, L_0x55965a58d9e0;  1 drivers
v0x55965a56dee0_0 .net *"_ivl_69", 5 0, L_0x55965a58da80;  1 drivers
L_0x7f3913c83d50 .functor BUFT 1, C4<00000>, C4<0>, C4<0>, C4<0>;
v0x55965a56dfc0_0 .net *"_ivl_72", 4 0, L_0x7f3913c83d50;  1 drivers
L_0x7f3913c83d98 .functor BUFT 1, C4<000001>, C4<0>, C4<0>, C4<0>;
v0x55965a56e0a0_0 .net/2u *"_ivl_73", 5 0, L_0x7f3913c83d98;  1 drivers
v0x55965a56e180_0 .net *"_ivl_75", 5 0, L_0x55965a58dc30;  1 drivers
v0x55965a56e260_0 .net *"_ivl_77", 3 0, L_0x55965a58dcd0;  1 drivers
v0x55965a56e340_0 .net *"_ivl_8", 1 0, L_0x55965a58c500;  1 drivers
v0x55965a56e630_0 .net *"_ivl_82", 0 0, L_0x55965a58dfe0;  1 drivers
L_0x7f3913c85b68 .functor BUFT 1, C4<000000>, C4<0>, C4<0>, C4<0>;
v0x55965a56e710_0 .net *"_ivl_84", 5 0, L_0x7f3913c85b68;  1 drivers
v0x55965a56e7f0_0 .net *"_ivl_88", 0 0, L_0x55965a58e120;  1 drivers
v0x55965a56e8d0_0 .net *"_ivl_90", 5 0, L_0x55965a58e1c0;  1 drivers
L_0x7f3913c83de0 .functor BUFT 1, C4<00000>, C4<0>, C4<0>, C4<0>;
v0x55965a56e9b0_0 .net *"_ivl_93", 4 0, L_0x7f3913c83de0;  1 drivers
v0x55965a56ea90_0 .net *"_ivl_94", 0 0, L_0x55965a58e360;  1 drivers
L_0x7f3913c83b58 .functor BUFT 1, C4<0>, C4<0>, C4<0>, C4<0>;
v0x55965a56eb70_0 .net "tmp1", 0 0, L_0x7f3913c83b58;  1 drivers
v0x55965a56ec30_0 .net "tmp2", 0 0, L_0x55965a58c6c0;  1 drivers
L_0x55965a58c500 .arith/sum 2, L_0x7f3913c85a48, L_0x7f3913c83ba0;
L_0x55965a58c6c0 .part L_0x55965a58c500, 0, 1;
L_0x55965a58c7b0 .array/port v0x55965a580420, L_0x55965a58c8b0;
L_0x55965a58c8b0 .arith/sub 6, L_0x7f3913c85a90, L_0x7f3913c83be8;
L_0x55965a58ca70 .concat [ 1 1 1 1], L_0x55965a58c5a0, L_0x55965a58c5a0, L_0x55965a58c5a0, L_0x55965a58c5a0;
L_0x55965a58cc20 .array/port v0x55965a580100, L_0x55965a58ccf0;
L_0x55965a58ccf0 .arith/sub 6, L_0x7f3913c85ad8, L_0x7f3913c83c30;
L_0x55965a58cef0 .array/port v0x55965a580420, L_0x55965a58d010;
L_0x55965a58d010 .arith/sub 6, L_0x7f3913c85b20, L_0x7f3913c83c78;
L_0x55965a58d1c0 .concat [ 1 1 1 1], L_0x55965a58cef0, L_0x55965a58cef0, L_0x55965a58cef0, L_0x55965a58cef0;
L_0x55965a58d370 .array/port v0x55965a580420, L_0x55965a58d580;
L_0x55965a58d440 .concat [ 1 5 0 0], L_0x55965a58c6c0, L_0x7f3913c83cc0;
L_0x55965a58d580 .arith/sub 6, L_0x55965a58d440, L_0x7f3913c83d08;
L_0x55965a58d760 .concat [ 1 1 1 1], L_0x55965a58d0b0, L_0x55965a58d0b0, L_0x55965a58d0b0, L_0x55965a58d0b0;
L_0x55965a58d9e0 .array/port v0x55965a580100, L_0x55965a58dc30;
L_0x55965a58da80 .concat [ 1 5 0 0], L_0x55965a58c6c0, L_0x7f3913c83d50;
L_0x55965a58dc30 .arith/sub 6, L_0x55965a58da80, L_0x7f3913c83d98;
L_0x55965a58dfe0 .array/port v0x55965a57df90, L_0x7f3913c85b68;
L_0x55965a58e120 .array/port v0x55965a57df90, L_0x55965a58e1c0;
L_0x55965a58e1c0 .concat [ 1 5 0 0], L_0x55965a58c6c0, L_0x7f3913c83de0;
S_0x55965a56ecf0 .scope generate, "genblk2[2]" "genblk2[2]" 2 71, 2 71 0, S_0x55965a54c6c0;
 .timescale 0 0;
P_0x55965a56eea0 .param/l "i_select" 0 2 71, +C4<010>;
L_0x55965a58e580 .functor NOT 1, L_0x55965a58e730, C4<0>, C4<0>, C4<0>;
L_0x55965a58ed10 .functor AND 4, L_0x55965a58e9f0, L_0x55965a58eba0, C4<1111>, C4<1111>;
L_0x55965a58f030 .functor NOT 1, L_0x55965a58f2f0, C4<0>, C4<0>, C4<0>;
L_0x55965a58f490 .functor AND 4, L_0x55965a58f140, L_0x55965a58f6e0, C4<1111>, C4<1111>;
L_0x55965a58fc50 .functor AND 4, L_0x55965a58f490, L_0x55965a58f960, C4<1111>, C4<1111>;
L_0x55965a58fe50 .functor OR 4, L_0x55965a58ed10, L_0x55965a58fc50, C4<0000>, C4<0000>;
L_0x55965a5902e0 .functor AND 1, L_0x55965a58ff60, L_0x55965a5900a0, C4<1>, C4<1>;
L_0x55965a5903f0 .functor NOT 1, L_0x55965a5902e0, C4<0>, C4<0>, C4<0>;
v0x55965a56ef80_0 .net *"_ivl_13", 0 0, L_0x55965a58e730;  1 drivers
L_0x7f3913c85bf8 .functor BUFT 1, C4<000000>, C4<0>, C4<0>, C4<0>;
v0x55965a56f060_0 .net *"_ivl_15", 5 0, L_0x7f3913c85bf8;  1 drivers
L_0x7f3913c83eb8 .functor BUFT 1, C4<000001>, C4<0>, C4<0>, C4<0>;
v0x55965a56f140_0 .net/2u *"_ivl_19", 5 0, L_0x7f3913c83eb8;  1 drivers
L_0x7f3913c85bb0 .functor BUFT 1, C4<00>, C4<0>, C4<0>, C4<0>;
v0x55965a56f200_0 .net *"_ivl_2", 1 0, L_0x7f3913c85bb0;  1 drivers
v0x55965a56f2e0_0 .net *"_ivl_21", 5 0, L_0x55965a58e830;  1 drivers
v0x55965a56f410_0 .net *"_ivl_23", 0 0, L_0x55965a58e580;  1 drivers
v0x55965a56f4f0_0 .net *"_ivl_25", 3 0, L_0x55965a58e9f0;  1 drivers
v0x55965a56f5d0_0 .net *"_ivl_27", 3 0, L_0x55965a58eba0;  1 drivers
L_0x7f3913c85c40 .functor BUFT 1, C4<000000>, C4<0>, C4<0>, C4<0>;
v0x55965a56f6b0_0 .net *"_ivl_29", 5 0, L_0x7f3913c85c40;  1 drivers
L_0x7f3913c83f00 .functor BUFT 1, C4<000001>, C4<0>, C4<0>, C4<0>;
v0x55965a56f790_0 .net/2u *"_ivl_33", 5 0, L_0x7f3913c83f00;  1 drivers
v0x55965a56f870_0 .net *"_ivl_35", 5 0, L_0x55965a58ec70;  1 drivers
v0x55965a56f950_0 .net *"_ivl_37", 3 0, L_0x55965a58ed10;  1 drivers
v0x55965a56fa30_0 .net *"_ivl_39", 0 0, L_0x55965a58ee70;  1 drivers
L_0x7f3913c85c88 .functor BUFT 1, C4<000000>, C4<0>, C4<0>, C4<0>;
v0x55965a56fb10_0 .net *"_ivl_41", 5 0, L_0x7f3913c85c88;  1 drivers
L_0x7f3913c83f48 .functor BUFT 1, C4<000001>, C4<0>, C4<0>, C4<0>;
v0x55965a56fbf0_0 .net/2u *"_ivl_45", 5 0, L_0x7f3913c83f48;  1 drivers
v0x55965a56fcd0_0 .net *"_ivl_47", 5 0, L_0x55965a58ef90;  1 drivers
v0x55965a56fdb0_0 .net *"_ivl_49", 3 0, L_0x55965a58f140;  1 drivers
v0x55965a56fe90_0 .net *"_ivl_51", 0 0, L_0x55965a58f2f0;  1 drivers
v0x55965a56ff70_0 .net *"_ivl_53", 5 0, L_0x55965a58f3c0;  1 drivers
L_0x7f3913c83f90 .functor BUFT 1, C4<00000>, C4<0>, C4<0>, C4<0>;
v0x55965a570050_0 .net *"_ivl_56", 4 0, L_0x7f3913c83f90;  1 drivers
L_0x7f3913c83fd8 .functor BUFT 1, C4<000001>, C4<0>, C4<0>, C4<0>;
v0x55965a570130_0 .net/2u *"_ivl_57", 5 0, L_0x7f3913c83fd8;  1 drivers
v0x55965a570210_0 .net *"_ivl_59", 5 0, L_0x55965a58f500;  1 drivers
L_0x7f3913c83e70 .functor BUFT 1, C4<01>, C4<0>, C4<0>, C4<0>;
v0x55965a5702f0_0 .net/2u *"_ivl_6", 1 0, L_0x7f3913c83e70;  1 drivers
v0x55965a5703d0_0 .net *"_ivl_61", 0 0, L_0x55965a58f030;  1 drivers
v0x55965a5704b0_0 .net *"_ivl_63", 3 0, L_0x55965a58f6e0;  1 drivers
v0x55965a570590_0 .net *"_ivl_65", 3 0, L_0x55965a58f490;  1 drivers
v0x55965a570670_0 .net *"_ivl_67", 3 0, L_0x55965a58f960;  1 drivers
v0x55965a570750_0 .net *"_ivl_69", 5 0, L_0x55965a58fa00;  1 drivers
L_0x7f3913c84020 .functor BUFT 1, C4<00000>, C4<0>, C4<0>, C4<0>;
v0x55965a570830_0 .net *"_ivl_72", 4 0, L_0x7f3913c84020;  1 drivers
L_0x7f3913c84068 .functor BUFT 1, C4<000001>, C4<0>, C4<0>, C4<0>;
v0x55965a570910_0 .net/2u *"_ivl_73", 5 0, L_0x7f3913c84068;  1 drivers
v0x55965a5709f0_0 .net *"_ivl_75", 5 0, L_0x55965a58fbb0;  1 drivers
v0x55965a570ad0_0 .net *"_ivl_77", 3 0, L_0x55965a58fc50;  1 drivers
v0x55965a570bb0_0 .net *"_ivl_8", 1 0, L_0x55965a58e080;  1 drivers
v0x55965a570ea0_0 .net *"_ivl_82", 0 0, L_0x55965a58ff60;  1 drivers
L_0x7f3913c85cd0 .functor BUFT 1, C4<000000>, C4<0>, C4<0>, C4<0>;
v0x55965a570f80_0 .net *"_ivl_84", 5 0, L_0x7f3913c85cd0;  1 drivers
v0x55965a571060_0 .net *"_ivl_88", 0 0, L_0x55965a5900a0;  1 drivers
v0x55965a571140_0 .net *"_ivl_90", 5 0, L_0x55965a590140;  1 drivers
L_0x7f3913c840b0 .functor BUFT 1, C4<00000>, C4<0>, C4<0>, C4<0>;
v0x55965a571220_0 .net *"_ivl_93", 4 0, L_0x7f3913c840b0;  1 drivers
v0x55965a571300_0 .net *"_ivl_94", 0 0, L_0x55965a5902e0;  1 drivers
L_0x7f3913c83e28 .functor BUFT 1, C4<0>, C4<0>, C4<0>, C4<0>;
v0x55965a5713e0_0 .net "tmp1", 0 0, L_0x7f3913c83e28;  1 drivers
v0x55965a5714a0_0 .net "tmp2", 0 0, L_0x55965a58e640;  1 drivers
L_0x55965a58e080 .arith/sum 2, L_0x7f3913c85bb0, L_0x7f3913c83e70;
L_0x55965a58e640 .part L_0x55965a58e080, 0, 1;
L_0x55965a58e730 .array/port v0x55965a580420, L_0x55965a58e830;
L_0x55965a58e830 .arith/sub 6, L_0x7f3913c85bf8, L_0x7f3913c83eb8;
L_0x55965a58e9f0 .concat [ 1 1 1 1], L_0x55965a58e580, L_0x55965a58e580, L_0x55965a58e580, L_0x55965a58e580;
L_0x55965a58eba0 .array/port v0x55965a580100, L_0x55965a58ec70;
L_0x55965a58ec70 .arith/sub 6, L_0x7f3913c85c40, L_0x7f3913c83f00;
L_0x55965a58ee70 .array/port v0x55965a580420, L_0x55965a58ef90;
L_0x55965a58ef90 .arith/sub 6, L_0x7f3913c85c88, L_0x7f3913c83f48;
L_0x55965a58f140 .concat [ 1 1 1 1], L_0x55965a58ee70, L_0x55965a58ee70, L_0x55965a58ee70, L_0x55965a58ee70;
L_0x55965a58f2f0 .array/port v0x55965a580420, L_0x55965a58f500;
L_0x55965a58f3c0 .concat [ 1 5 0 0], L_0x55965a58e640, L_0x7f3913c83f90;
L_0x55965a58f500 .arith/sub 6, L_0x55965a58f3c0, L_0x7f3913c83fd8;
L_0x55965a58f6e0 .concat [ 1 1 1 1], L_0x55965a58f030, L_0x55965a58f030, L_0x55965a58f030, L_0x55965a58f030;
L_0x55965a58f960 .array/port v0x55965a580100, L_0x55965a58fbb0;
L_0x55965a58fa00 .concat [ 1 5 0 0], L_0x55965a58e640, L_0x7f3913c84020;
L_0x55965a58fbb0 .arith/sub 6, L_0x55965a58fa00, L_0x7f3913c84068;
L_0x55965a58ff60 .array/port v0x55965a57df90, L_0x7f3913c85cd0;
L_0x55965a5900a0 .array/port v0x55965a57df90, L_0x55965a590140;
L_0x55965a590140 .concat [ 1 5 0 0], L_0x55965a58e640, L_0x7f3913c840b0;
S_0x55965a571560 .scope generate, "genblk2[3]" "genblk2[3]" 2 71, 2 71 0, S_0x55965a54c6c0;
 .timescale 0 0;
P_0x55965a571710 .param/l "i_select" 0 2 71, +C4<011>;
L_0x55965a590500 .functor NOT 1, L_0x55965a5906b0, C4<0>, C4<0>, C4<0>;
L_0x55965a590c90 .functor AND 4, L_0x55965a590970, L_0x55965a590b20, C4<1111>, C4<1111>;
L_0x55965a591320 .functor NOT 1, L_0x55965a5915c0, C4<0>, C4<0>, C4<0>;
L_0x55965a591730 .functor AND 4, L_0x55965a5913e0, L_0x55965a591980, C4<1111>, C4<1111>;
L_0x55965a591f50 .functor AND 4, L_0x55965a591730, L_0x55965a591c00, C4<1111>, C4<1111>;
L_0x55965a592150 .functor OR 4, L_0x55965a590c90, L_0x55965a591f50, C4<0000>, C4<0000>;
L_0x55965a5925e0 .functor AND 1, L_0x55965a592260, L_0x55965a5923a0, C4<1>, C4<1>;
L_0x55965a5926f0 .functor NOT 1, L_0x55965a5925e0, C4<0>, C4<0>, C4<0>;
v0x55965a5717f0_0 .net *"_ivl_13", 0 0, L_0x55965a5906b0;  1 drivers
L_0x7f3913c85d60 .functor BUFT 1, C4<000000>, C4<0>, C4<0>, C4<0>;
v0x55965a5718d0_0 .net *"_ivl_15", 5 0, L_0x7f3913c85d60;  1 drivers
L_0x7f3913c84188 .functor BUFT 1, C4<000001>, C4<0>, C4<0>, C4<0>;
v0x55965a5719b0_0 .net/2u *"_ivl_19", 5 0, L_0x7f3913c84188;  1 drivers
L_0x7f3913c85d18 .functor BUFT 1, C4<00>, C4<0>, C4<0>, C4<0>;
v0x55965a571a70_0 .net *"_ivl_2", 1 0, L_0x7f3913c85d18;  1 drivers
v0x55965a571b50_0 .net *"_ivl_21", 5 0, L_0x55965a5907b0;  1 drivers
v0x55965a571c80_0 .net *"_ivl_23", 0 0, L_0x55965a590500;  1 drivers
v0x55965a571d60_0 .net *"_ivl_25", 3 0, L_0x55965a590970;  1 drivers
v0x55965a571e40_0 .net *"_ivl_27", 3 0, L_0x55965a590b20;  1 drivers
L_0x7f3913c85da8 .functor BUFT 1, C4<000000>, C4<0>, C4<0>, C4<0>;
v0x55965a571f20_0 .net *"_ivl_29", 5 0, L_0x7f3913c85da8;  1 drivers
L_0x7f3913c841d0 .functor BUFT 1, C4<000001>, C4<0>, C4<0>, C4<0>;
v0x55965a572000_0 .net/2u *"_ivl_33", 5 0, L_0x7f3913c841d0;  1 drivers
v0x55965a5720e0_0 .net *"_ivl_35", 5 0, L_0x55965a590bf0;  1 drivers
v0x55965a5721c0_0 .net *"_ivl_37", 3 0, L_0x55965a590c90;  1 drivers
v0x55965a5722a0_0 .net *"_ivl_39", 0 0, L_0x55965a590df0;  1 drivers
L_0x7f3913c85df0 .functor BUFT 1, C4<000000>, C4<0>, C4<0>, C4<0>;
v0x55965a572380_0 .net *"_ivl_41", 5 0, L_0x7f3913c85df0;  1 drivers
L_0x7f3913c84218 .functor BUFT 1, C4<000001>, C4<0>, C4<0>, C4<0>;
v0x55965a572460_0 .net/2u *"_ivl_45", 5 0, L_0x7f3913c84218;  1 drivers
v0x55965a572540_0 .net *"_ivl_47", 5 0, L_0x55965a580680;  1 drivers
v0x55965a572620_0 .net *"_ivl_49", 3 0, L_0x55965a5913e0;  1 drivers
v0x55965a572700_0 .net *"_ivl_51", 0 0, L_0x55965a5915c0;  1 drivers
v0x55965a5727e0_0 .net *"_ivl_53", 5 0, L_0x55965a591660;  1 drivers
L_0x7f3913c84260 .functor BUFT 1, C4<00000>, C4<0>, C4<0>, C4<0>;
v0x55965a5728c0_0 .net *"_ivl_56", 4 0, L_0x7f3913c84260;  1 drivers
L_0x7f3913c842a8 .functor BUFT 1, C4<000001>, C4<0>, C4<0>, C4<0>;
v0x55965a5729a0_0 .net/2u *"_ivl_57", 5 0, L_0x7f3913c842a8;  1 drivers
v0x55965a572a80_0 .net *"_ivl_59", 5 0, L_0x55965a5917a0;  1 drivers
L_0x7f3913c84140 .functor BUFT 1, C4<01>, C4<0>, C4<0>, C4<0>;
v0x55965a572b60_0 .net/2u *"_ivl_6", 1 0, L_0x7f3913c84140;  1 drivers
v0x55965a572c40_0 .net *"_ivl_61", 0 0, L_0x55965a591320;  1 drivers
v0x55965a572d20_0 .net *"_ivl_63", 3 0, L_0x55965a591980;  1 drivers
v0x55965a572e00_0 .net *"_ivl_65", 3 0, L_0x55965a591730;  1 drivers
v0x55965a572ee0_0 .net *"_ivl_67", 3 0, L_0x55965a591c00;  1 drivers
v0x55965a572fc0_0 .net *"_ivl_69", 5 0, L_0x55965a591cd0;  1 drivers
L_0x7f3913c842f0 .functor BUFT 1, C4<00000>, C4<0>, C4<0>, C4<0>;
v0x55965a5730a0_0 .net *"_ivl_72", 4 0, L_0x7f3913c842f0;  1 drivers
L_0x7f3913c84338 .functor BUFT 1, C4<000001>, C4<0>, C4<0>, C4<0>;
v0x55965a573180_0 .net/2u *"_ivl_73", 5 0, L_0x7f3913c84338;  1 drivers
v0x55965a573260_0 .net *"_ivl_75", 5 0, L_0x55965a591eb0;  1 drivers
v0x55965a573340_0 .net *"_ivl_77", 3 0, L_0x55965a591f50;  1 drivers
v0x55965a573420_0 .net *"_ivl_8", 1 0, L_0x55965a590000;  1 drivers
v0x55965a573710_0 .net *"_ivl_82", 0 0, L_0x55965a592260;  1 drivers
L_0x7f3913c85e38 .functor BUFT 1, C4<000000>, C4<0>, C4<0>, C4<0>;
v0x55965a5737f0_0 .net *"_ivl_84", 5 0, L_0x7f3913c85e38;  1 drivers
v0x55965a5738d0_0 .net *"_ivl_88", 0 0, L_0x55965a5923a0;  1 drivers
v0x55965a5739b0_0 .net *"_ivl_90", 5 0, L_0x55965a592440;  1 drivers
L_0x7f3913c84380 .functor BUFT 1, C4<00000>, C4<0>, C4<0>, C4<0>;
v0x55965a573a90_0 .net *"_ivl_93", 4 0, L_0x7f3913c84380;  1 drivers
v0x55965a573b70_0 .net *"_ivl_94", 0 0, L_0x55965a5925e0;  1 drivers
L_0x7f3913c840f8 .functor BUFT 1, C4<0>, C4<0>, C4<0>, C4<0>;
v0x55965a573c50_0 .net "tmp1", 0 0, L_0x7f3913c840f8;  1 drivers
v0x55965a573d10_0 .net "tmp2", 0 0, L_0x55965a5905c0;  1 drivers
L_0x55965a590000 .arith/sum 2, L_0x7f3913c85d18, L_0x7f3913c84140;
L_0x55965a5905c0 .part L_0x55965a590000, 0, 1;
L_0x55965a5906b0 .array/port v0x55965a580420, L_0x55965a5907b0;
L_0x55965a5907b0 .arith/sub 6, L_0x7f3913c85d60, L_0x7f3913c84188;
L_0x55965a590970 .concat [ 1 1 1 1], L_0x55965a590500, L_0x55965a590500, L_0x55965a590500, L_0x55965a590500;
L_0x55965a590b20 .array/port v0x55965a580100, L_0x55965a590bf0;
L_0x55965a590bf0 .arith/sub 6, L_0x7f3913c85da8, L_0x7f3913c841d0;
L_0x55965a590df0 .array/port v0x55965a580420, L_0x55965a580680;
L_0x55965a580680 .arith/sub 6, L_0x7f3913c85df0, L_0x7f3913c84218;
L_0x55965a5913e0 .concat [ 1 1 1 1], L_0x55965a590df0, L_0x55965a590df0, L_0x55965a590df0, L_0x55965a590df0;
L_0x55965a5915c0 .array/port v0x55965a580420, L_0x55965a5917a0;
L_0x55965a591660 .concat [ 1 5 0 0], L_0x55965a5905c0, L_0x7f3913c84260;
L_0x55965a5917a0 .arith/sub 6, L_0x55965a591660, L_0x7f3913c842a8;
L_0x55965a591980 .concat [ 1 1 1 1], L_0x55965a591320, L_0x55965a591320, L_0x55965a591320, L_0x55965a591320;
L_0x55965a591c00 .array/port v0x55965a580100, L_0x55965a591eb0;
L_0x55965a591cd0 .concat [ 1 5 0 0], L_0x55965a5905c0, L_0x7f3913c842f0;
L_0x55965a591eb0 .arith/sub 6, L_0x55965a591cd0, L_0x7f3913c84338;
L_0x55965a592260 .array/port v0x55965a57df90, L_0x7f3913c85e38;
L_0x55965a5923a0 .array/port v0x55965a57df90, L_0x55965a592440;
L_0x55965a592440 .concat [ 1 5 0 0], L_0x55965a5905c0, L_0x7f3913c84380;
S_0x55965a573dd0 .scope generate, "genblk2[4]" "genblk2[4]" 2 71, 2 71 0, S_0x55965a54c6c0;
 .timescale 0 0;
P_0x55965a573f80 .param/l "i_select" 0 2 71, +C4<0100>;
L_0x55965a592800 .functor NOT 1, L_0x55965a5929b0, C4<0>, C4<0>, C4<0>;
L_0x55965a592f90 .functor AND 4, L_0x55965a592c70, L_0x55965a592e20, C4<1111>, C4<1111>;
L_0x55965a5932b0 .functor NOT 1, L_0x55965a593570, C4<0>, C4<0>, C4<0>;
L_0x55965a593710 .functor AND 4, L_0x55965a5933c0, L_0x55965a593960, C4<1111>, C4<1111>;
L_0x55965a593ed0 .functor AND 4, L_0x55965a593710, L_0x55965a593be0, C4<1111>, C4<1111>;
L_0x55965a5940d0 .functor OR 4, L_0x55965a592f90, L_0x55965a593ed0, C4<0000>, C4<0000>;
L_0x55965a594560 .functor AND 1, L_0x55965a5941e0, L_0x55965a594320, C4<1>, C4<1>;
L_0x55965a594670 .functor NOT 1, L_0x55965a594560, C4<0>, C4<0>, C4<0>;
v0x55965a574060_0 .net *"_ivl_13", 0 0, L_0x55965a5929b0;  1 drivers
L_0x7f3913c85ec8 .functor BUFT 1, C4<000000>, C4<0>, C4<0>, C4<0>;
v0x55965a574140_0 .net *"_ivl_15", 5 0, L_0x7f3913c85ec8;  1 drivers
L_0x7f3913c84458 .functor BUFT 1, C4<000001>, C4<0>, C4<0>, C4<0>;
v0x55965a574220_0 .net/2u *"_ivl_19", 5 0, L_0x7f3913c84458;  1 drivers
L_0x7f3913c85e80 .functor BUFT 1, C4<00>, C4<0>, C4<0>, C4<0>;
v0x55965a5742e0_0 .net *"_ivl_2", 1 0, L_0x7f3913c85e80;  1 drivers
v0x55965a5743c0_0 .net *"_ivl_21", 5 0, L_0x55965a592ab0;  1 drivers
v0x55965a5744f0_0 .net *"_ivl_23", 0 0, L_0x55965a592800;  1 drivers
v0x55965a5745d0_0 .net *"_ivl_25", 3 0, L_0x55965a592c70;  1 drivers
v0x55965a5746b0_0 .net *"_ivl_27", 3 0, L_0x55965a592e20;  1 drivers
L_0x7f3913c85f10 .functor BUFT 1, C4<000000>, C4<0>, C4<0>, C4<0>;
v0x55965a574790_0 .net *"_ivl_29", 5 0, L_0x7f3913c85f10;  1 drivers
L_0x7f3913c844a0 .functor BUFT 1, C4<000001>, C4<0>, C4<0>, C4<0>;
v0x55965a574870_0 .net/2u *"_ivl_33", 5 0, L_0x7f3913c844a0;  1 drivers
v0x55965a574950_0 .net *"_ivl_35", 5 0, L_0x55965a592ef0;  1 drivers
v0x55965a574a30_0 .net *"_ivl_37", 3 0, L_0x55965a592f90;  1 drivers
v0x55965a574b10_0 .net *"_ivl_39", 0 0, L_0x55965a5930f0;  1 drivers
L_0x7f3913c85f58 .functor BUFT 1, C4<000000>, C4<0>, C4<0>, C4<0>;
v0x55965a574bf0_0 .net *"_ivl_41", 5 0, L_0x7f3913c85f58;  1 drivers
L_0x7f3913c844e8 .functor BUFT 1, C4<000001>, C4<0>, C4<0>, C4<0>;
v0x55965a574cd0_0 .net/2u *"_ivl_45", 5 0, L_0x7f3913c844e8;  1 drivers
v0x55965a574db0_0 .net *"_ivl_47", 5 0, L_0x55965a593210;  1 drivers
v0x55965a574e90_0 .net *"_ivl_49", 3 0, L_0x55965a5933c0;  1 drivers
v0x55965a574f70_0 .net *"_ivl_51", 0 0, L_0x55965a593570;  1 drivers
v0x55965a575050_0 .net *"_ivl_53", 5 0, L_0x55965a593640;  1 drivers
L_0x7f3913c84530 .functor BUFT 1, C4<00000>, C4<0>, C4<0>, C4<0>;
v0x55965a575130_0 .net *"_ivl_56", 4 0, L_0x7f3913c84530;  1 drivers
L_0x7f3913c84578 .functor BUFT 1, C4<000001>, C4<0>, C4<0>, C4<0>;
v0x55965a575210_0 .net/2u *"_ivl_57", 5 0, L_0x7f3913c84578;  1 drivers
v0x55965a5752f0_0 .net *"_ivl_59", 5 0, L_0x55965a593780;  1 drivers
L_0x7f3913c84410 .functor BUFT 1, C4<01>, C4<0>, C4<0>, C4<0>;
v0x55965a5753d0_0 .net/2u *"_ivl_6", 1 0, L_0x7f3913c84410;  1 drivers
v0x55965a5754b0_0 .net *"_ivl_61", 0 0, L_0x55965a5932b0;  1 drivers
v0x55965a575590_0 .net *"_ivl_63", 3 0, L_0x55965a593960;  1 drivers
v0x55965a575670_0 .net *"_ivl_65", 3 0, L_0x55965a593710;  1 drivers
v0x55965a575750_0 .net *"_ivl_67", 3 0, L_0x55965a593be0;  1 drivers
v0x55965a575830_0 .net *"_ivl_69", 5 0, L_0x55965a593c80;  1 drivers
L_0x7f3913c845c0 .functor BUFT 1, C4<00000>, C4<0>, C4<0>, C4<0>;
v0x55965a575910_0 .net *"_ivl_72", 4 0, L_0x7f3913c845c0;  1 drivers
L_0x7f3913c84608 .functor BUFT 1, C4<000001>, C4<0>, C4<0>, C4<0>;
v0x55965a5759f0_0 .net/2u *"_ivl_73", 5 0, L_0x7f3913c84608;  1 drivers
v0x55965a575ad0_0 .net *"_ivl_75", 5 0, L_0x55965a593e30;  1 drivers
v0x55965a575bb0_0 .net *"_ivl_77", 3 0, L_0x55965a593ed0;  1 drivers
v0x55965a575c90_0 .net *"_ivl_8", 1 0, L_0x55965a592300;  1 drivers
v0x55965a575f80_0 .net *"_ivl_82", 0 0, L_0x55965a5941e0;  1 drivers
L_0x7f3913c85fa0 .functor BUFT 1, C4<000000>, C4<0>, C4<0>, C4<0>;
v0x55965a576060_0 .net *"_ivl_84", 5 0, L_0x7f3913c85fa0;  1 drivers
v0x55965a576140_0 .net *"_ivl_88", 0 0, L_0x55965a594320;  1 drivers
v0x55965a576220_0 .net *"_ivl_90", 5 0, L_0x55965a5943c0;  1 drivers
L_0x7f3913c84650 .functor BUFT 1, C4<00000>, C4<0>, C4<0>, C4<0>;
v0x55965a576300_0 .net *"_ivl_93", 4 0, L_0x7f3913c84650;  1 drivers
v0x55965a5763e0_0 .net *"_ivl_94", 0 0, L_0x55965a594560;  1 drivers
L_0x7f3913c843c8 .functor BUFT 1, C4<0>, C4<0>, C4<0>, C4<0>;
v0x55965a5764c0_0 .net "tmp1", 0 0, L_0x7f3913c843c8;  1 drivers
v0x55965a576580_0 .net "tmp2", 0 0, L_0x55965a5928c0;  1 drivers
L_0x55965a592300 .arith/sum 2, L_0x7f3913c85e80, L_0x7f3913c84410;
L_0x55965a5928c0 .part L_0x55965a592300, 0, 1;
L_0x55965a5929b0 .array/port v0x55965a580420, L_0x55965a592ab0;
L_0x55965a592ab0 .arith/sub 6, L_0x7f3913c85ec8, L_0x7f3913c84458;
L_0x55965a592c70 .concat [ 1 1 1 1], L_0x55965a592800, L_0x55965a592800, L_0x55965a592800, L_0x55965a592800;
L_0x55965a592e20 .array/port v0x55965a580100, L_0x55965a592ef0;
L_0x55965a592ef0 .arith/sub 6, L_0x7f3913c85f10, L_0x7f3913c844a0;
L_0x55965a5930f0 .array/port v0x55965a580420, L_0x55965a593210;
L_0x55965a593210 .arith/sub 6, L_0x7f3913c85f58, L_0x7f3913c844e8;
L_0x55965a5933c0 .concat [ 1 1 1 1], L_0x55965a5930f0, L_0x55965a5930f0, L_0x55965a5930f0, L_0x55965a5930f0;
L_0x55965a593570 .array/port v0x55965a580420, L_0x55965a593780;
L_0x55965a593640 .concat [ 1 5 0 0], L_0x55965a5928c0, L_0x7f3913c84530;
L_0x55965a593780 .arith/sub 6, L_0x55965a593640, L_0x7f3913c84578;
L_0x55965a593960 .concat [ 1 1 1 1], L_0x55965a5932b0, L_0x55965a5932b0, L_0x55965a5932b0, L_0x55965a5932b0;
L_0x55965a593be0 .array/port v0x55965a580100, L_0x55965a593e30;
L_0x55965a593c80 .concat [ 1 5 0 0], L_0x55965a5928c0, L_0x7f3913c845c0;
L_0x55965a593e30 .arith/sub 6, L_0x55965a593c80, L_0x7f3913c84608;
L_0x55965a5941e0 .array/port v0x55965a57df90, L_0x7f3913c85fa0;
L_0x55965a594320 .array/port v0x55965a57df90, L_0x55965a5943c0;
L_0x55965a5943c0 .concat [ 1 5 0 0], L_0x55965a5928c0, L_0x7f3913c84650;
S_0x55965a576640 .scope generate, "genblk2[5]" "genblk2[5]" 2 71, 2 71 0, S_0x55965a54c6c0;
 .timescale 0 0;
P_0x55965a5767f0 .param/l "i_select" 0 2 71, +C4<0101>;
L_0x55965a594780 .functor NOT 1, L_0x55965a594930, C4<0>, C4<0>, C4<0>;
L_0x55965a594f10 .functor AND 4, L_0x55965a594bf0, L_0x55965a594da0, C4<1111>, C4<1111>;
L_0x55965a595230 .functor NOT 1, L_0x55965a5954f0, C4<0>, C4<0>, C4<0>;
L_0x55965a595690 .functor AND 4, L_0x55965a595340, L_0x55965a5958e0, C4<1111>, C4<1111>;
L_0x55965a595e50 .functor AND 4, L_0x55965a595690, L_0x55965a595b60, C4<1111>, C4<1111>;
L_0x55965a596050 .functor OR 4, L_0x55965a594f10, L_0x55965a595e50, C4<0000>, C4<0000>;
L_0x55965a5964e0 .functor AND 1, L_0x55965a596160, L_0x55965a5962a0, C4<1>, C4<1>;
L_0x55965a5965f0 .functor NOT 1, L_0x55965a5964e0, C4<0>, C4<0>, C4<0>;
v0x55965a5768d0_0 .net *"_ivl_13", 0 0, L_0x55965a594930;  1 drivers
L_0x7f3913c86030 .functor BUFT 1, C4<000000>, C4<0>, C4<0>, C4<0>;
v0x55965a5769b0_0 .net *"_ivl_15", 5 0, L_0x7f3913c86030;  1 drivers
L_0x7f3913c84728 .functor BUFT 1, C4<000001>, C4<0>, C4<0>, C4<0>;
v0x55965a576a90_0 .net/2u *"_ivl_19", 5 0, L_0x7f3913c84728;  1 drivers
L_0x7f3913c85fe8 .functor BUFT 1, C4<00>, C4<0>, C4<0>, C4<0>;
v0x55965a576b50_0 .net *"_ivl_2", 1 0, L_0x7f3913c85fe8;  1 drivers
v0x55965a576c30_0 .net *"_ivl_21", 5 0, L_0x55965a594a30;  1 drivers
v0x55965a576d60_0 .net *"_ivl_23", 0 0, L_0x55965a594780;  1 drivers
v0x55965a576e40_0 .net *"_ivl_25", 3 0, L_0x55965a594bf0;  1 drivers
v0x55965a576f20_0 .net *"_ivl_27", 3 0, L_0x55965a594da0;  1 drivers
L_0x7f3913c86078 .functor BUFT 1, C4<000000>, C4<0>, C4<0>, C4<0>;
v0x55965a577000_0 .net *"_ivl_29", 5 0, L_0x7f3913c86078;  1 drivers
L_0x7f3913c84770 .functor BUFT 1, C4<000001>, C4<0>, C4<0>, C4<0>;
v0x55965a5770e0_0 .net/2u *"_ivl_33", 5 0, L_0x7f3913c84770;  1 drivers
v0x55965a5771c0_0 .net *"_ivl_35", 5 0, L_0x55965a594e70;  1 drivers
v0x55965a5772a0_0 .net *"_ivl_37", 3 0, L_0x55965a594f10;  1 drivers
v0x55965a577380_0 .net *"_ivl_39", 0 0, L_0x55965a595070;  1 drivers
L_0x7f3913c860c0 .functor BUFT 1, C4<000000>, C4<0>, C4<0>, C4<0>;
v0x55965a577460_0 .net *"_ivl_41", 5 0, L_0x7f3913c860c0;  1 drivers
L_0x7f3913c847b8 .functor BUFT 1, C4<000001>, C4<0>, C4<0>, C4<0>;
v0x55965a577540_0 .net/2u *"_ivl_45", 5 0, L_0x7f3913c847b8;  1 drivers
v0x55965a577620_0 .net *"_ivl_47", 5 0, L_0x55965a595190;  1 drivers
v0x55965a577700_0 .net *"_ivl_49", 3 0, L_0x55965a595340;  1 drivers
v0x55965a5777e0_0 .net *"_ivl_51", 0 0, L_0x55965a5954f0;  1 drivers
v0x55965a5778c0_0 .net *"_ivl_53", 5 0, L_0x55965a5955c0;  1 drivers
L_0x7f3913c84800 .functor BUFT 1, C4<00000>, C4<0>, C4<0>, C4<0>;
v0x55965a5779a0_0 .net *"_ivl_56", 4 0, L_0x7f3913c84800;  1 drivers
L_0x7f3913c84848 .functor BUFT 1, C4<000001>, C4<0>, C4<0>, C4<0>;
v0x55965a577a80_0 .net/2u *"_ivl_57", 5 0, L_0x7f3913c84848;  1 drivers
v0x55965a577b60_0 .net *"_ivl_59", 5 0, L_0x55965a595700;  1 drivers
L_0x7f3913c846e0 .functor BUFT 1, C4<01>, C4<0>, C4<0>, C4<0>;
v0x55965a577c40_0 .net/2u *"_ivl_6", 1 0, L_0x7f3913c846e0;  1 drivers
v0x55965a577d20_0 .net *"_ivl_61", 0 0, L_0x55965a595230;  1 drivers
v0x55965a577e00_0 .net *"_ivl_63", 3 0, L_0x55965a5958e0;  1 drivers
v0x55965a577ee0_0 .net *"_ivl_65", 3 0, L_0x55965a595690;  1 drivers
v0x55965a577fc0_0 .net *"_ivl_67", 3 0, L_0x55965a595b60;  1 drivers
v0x55965a5780a0_0 .net *"_ivl_69", 5 0, L_0x55965a595c00;  1 drivers
L_0x7f3913c84890 .functor BUFT 1, C4<00000>, C4<0>, C4<0>, C4<0>;
v0x55965a578180_0 .net *"_ivl_72", 4 0, L_0x7f3913c84890;  1 drivers
L_0x7f3913c848d8 .functor BUFT 1, C4<000001>, C4<0>, C4<0>, C4<0>;
v0x55965a578260_0 .net/2u *"_ivl_73", 5 0, L_0x7f3913c848d8;  1 drivers
v0x55965a578340_0 .net *"_ivl_75", 5 0, L_0x55965a595db0;  1 drivers
v0x55965a578420_0 .net *"_ivl_77", 3 0, L_0x55965a595e50;  1 drivers
v0x55965a578500_0 .net *"_ivl_8", 1 0, L_0x55965a594280;  1 drivers
v0x55965a5787f0_0 .net *"_ivl_82", 0 0, L_0x55965a596160;  1 drivers
L_0x7f3913c86108 .functor BUFT 1, C4<000000>, C4<0>, C4<0>, C4<0>;
v0x55965a5788d0_0 .net *"_ivl_84", 5 0, L_0x7f3913c86108;  1 drivers
v0x55965a5789b0_0 .net *"_ivl_88", 0 0, L_0x55965a5962a0;  1 drivers
v0x55965a578a90_0 .net *"_ivl_90", 5 0, L_0x55965a596340;  1 drivers
L_0x7f3913c84920 .functor BUFT 1, C4<00000>, C4<0>, C4<0>, C4<0>;
v0x55965a578b70_0 .net *"_ivl_93", 4 0, L_0x7f3913c84920;  1 drivers
v0x55965a578c50_0 .net *"_ivl_94", 0 0, L_0x55965a5964e0;  1 drivers
L_0x7f3913c84698 .functor BUFT 1, C4<0>, C4<0>, C4<0>, C4<0>;
v0x55965a578d30_0 .net "tmp1", 0 0, L_0x7f3913c84698;  1 drivers
v0x55965a578df0_0 .net "tmp2", 0 0, L_0x55965a594840;  1 drivers
L_0x55965a594280 .arith/sum 2, L_0x7f3913c85fe8, L_0x7f3913c846e0;
L_0x55965a594840 .part L_0x55965a594280, 0, 1;
L_0x55965a594930 .array/port v0x55965a580420, L_0x55965a594a30;
L_0x55965a594a30 .arith/sub 6, L_0x7f3913c86030, L_0x7f3913c84728;
L_0x55965a594bf0 .concat [ 1 1 1 1], L_0x55965a594780, L_0x55965a594780, L_0x55965a594780, L_0x55965a594780;
L_0x55965a594da0 .array/port v0x55965a580100, L_0x55965a594e70;
L_0x55965a594e70 .arith/sub 6, L_0x7f3913c86078, L_0x7f3913c84770;
L_0x55965a595070 .array/port v0x55965a580420, L_0x55965a595190;
L_0x55965a595190 .arith/sub 6, L_0x7f3913c860c0, L_0x7f3913c847b8;
L_0x55965a595340 .concat [ 1 1 1 1], L_0x55965a595070, L_0x55965a595070, L_0x55965a595070, L_0x55965a595070;
L_0x55965a5954f0 .array/port v0x55965a580420, L_0x55965a595700;
L_0x55965a5955c0 .concat [ 1 5 0 0], L_0x55965a594840, L_0x7f3913c84800;
L_0x55965a595700 .arith/sub 6, L_0x55965a5955c0, L_0x7f3913c84848;
L_0x55965a5958e0 .concat [ 1 1 1 1], L_0x55965a595230, L_0x55965a595230, L_0x55965a595230, L_0x55965a595230;
L_0x55965a595b60 .array/port v0x55965a580100, L_0x55965a595db0;
L_0x55965a595c00 .concat [ 1 5 0 0], L_0x55965a594840, L_0x7f3913c84890;
L_0x55965a595db0 .arith/sub 6, L_0x55965a595c00, L_0x7f3913c848d8;
L_0x55965a596160 .array/port v0x55965a57df90, L_0x7f3913c86108;
L_0x55965a5962a0 .array/port v0x55965a57df90, L_0x55965a596340;
L_0x55965a596340 .concat [ 1 5 0 0], L_0x55965a594840, L_0x7f3913c84920;
S_0x55965a578eb0 .scope generate, "genblk2[6]" "genblk2[6]" 2 71, 2 71 0, S_0x55965a54c6c0;
 .timescale 0 0;
P_0x55965a579060 .param/l "i_select" 0 2 71, +C4<0110>;
L_0x55965a596700 .functor NOT 1, L_0x55965a5968b0, C4<0>, C4<0>, C4<0>;
L_0x55965a596e90 .functor AND 4, L_0x55965a596b70, L_0x55965a596d20, C4<1111>, C4<1111>;
L_0x55965a5971b0 .functor NOT 1, L_0x55965a597470, C4<0>, C4<0>, C4<0>;
L_0x55965a597610 .functor AND 4, L_0x55965a5972c0, L_0x55965a597860, C4<1111>, C4<1111>;
L_0x55965a597dd0 .functor AND 4, L_0x55965a597610, L_0x55965a597ae0, C4<1111>, C4<1111>;
L_0x55965a597fd0 .functor OR 4, L_0x55965a596e90, L_0x55965a597dd0, C4<0000>, C4<0000>;
L_0x55965a598460 .functor AND 1, L_0x55965a5980e0, L_0x55965a598220, C4<1>, C4<1>;
L_0x55965a598570 .functor NOT 1, L_0x55965a598460, C4<0>, C4<0>, C4<0>;
v0x55965a579140_0 .net *"_ivl_13", 0 0, L_0x55965a5968b0;  1 drivers
L_0x7f3913c86198 .functor BUFT 1, C4<000000>, C4<0>, C4<0>, C4<0>;
v0x55965a579220_0 .net *"_ivl_15", 5 0, L_0x7f3913c86198;  1 drivers
L_0x7f3913c849f8 .functor BUFT 1, C4<000001>, C4<0>, C4<0>, C4<0>;
v0x55965a579300_0 .net/2u *"_ivl_19", 5 0, L_0x7f3913c849f8;  1 drivers
L_0x7f3913c86150 .functor BUFT 1, C4<00>, C4<0>, C4<0>, C4<0>;
v0x55965a5793c0_0 .net *"_ivl_2", 1 0, L_0x7f3913c86150;  1 drivers
v0x55965a5794a0_0 .net *"_ivl_21", 5 0, L_0x55965a5969b0;  1 drivers
v0x55965a5795d0_0 .net *"_ivl_23", 0 0, L_0x55965a596700;  1 drivers
v0x55965a5796b0_0 .net *"_ivl_25", 3 0, L_0x55965a596b70;  1 drivers
v0x55965a579790_0 .net *"_ivl_27", 3 0, L_0x55965a596d20;  1 drivers
L_0x7f3913c861e0 .functor BUFT 1, C4<000000>, C4<0>, C4<0>, C4<0>;
v0x55965a579870_0 .net *"_ivl_29", 5 0, L_0x7f3913c861e0;  1 drivers
L_0x7f3913c84a40 .functor BUFT 1, C4<000001>, C4<0>, C4<0>, C4<0>;
v0x55965a579950_0 .net/2u *"_ivl_33", 5 0, L_0x7f3913c84a40;  1 drivers
v0x55965a579a30_0 .net *"_ivl_35", 5 0, L_0x55965a596df0;  1 drivers
v0x55965a579b10_0 .net *"_ivl_37", 3 0, L_0x55965a596e90;  1 drivers
v0x55965a579bf0_0 .net *"_ivl_39", 0 0, L_0x55965a596ff0;  1 drivers
L_0x7f3913c86228 .functor BUFT 1, C4<000000>, C4<0>, C4<0>, C4<0>;
v0x55965a579cd0_0 .net *"_ivl_41", 5 0, L_0x7f3913c86228;  1 drivers
L_0x7f3913c84a88 .functor BUFT 1, C4<000001>, C4<0>, C4<0>, C4<0>;
v0x55965a579db0_0 .net/2u *"_ivl_45", 5 0, L_0x7f3913c84a88;  1 drivers
v0x55965a579e90_0 .net *"_ivl_47", 5 0, L_0x55965a597110;  1 drivers
v0x55965a579f70_0 .net *"_ivl_49", 3 0, L_0x55965a5972c0;  1 drivers
v0x55965a57a050_0 .net *"_ivl_51", 0 0, L_0x55965a597470;  1 drivers
v0x55965a57a130_0 .net *"_ivl_53", 5 0, L_0x55965a597540;  1 drivers
L_0x7f3913c84ad0 .functor BUFT 1, C4<00000>, C4<0>, C4<0>, C4<0>;
v0x55965a57a210_0 .net *"_ivl_56", 4 0, L_0x7f3913c84ad0;  1 drivers
L_0x7f3913c84b18 .functor BUFT 1, C4<000001>, C4<0>, C4<0>, C4<0>;
v0x55965a57a2f0_0 .net/2u *"_ivl_57", 5 0, L_0x7f3913c84b18;  1 drivers
v0x55965a57a3d0_0 .net *"_ivl_59", 5 0, L_0x55965a597680;  1 drivers
L_0x7f3913c849b0 .functor BUFT 1, C4<01>, C4<0>, C4<0>, C4<0>;
v0x55965a57a4b0_0 .net/2u *"_ivl_6", 1 0, L_0x7f3913c849b0;  1 drivers
v0x55965a57a590_0 .net *"_ivl_61", 0 0, L_0x55965a5971b0;  1 drivers
v0x55965a57a670_0 .net *"_ivl_63", 3 0, L_0x55965a597860;  1 drivers
v0x55965a57a750_0 .net *"_ivl_65", 3 0, L_0x55965a597610;  1 drivers
v0x55965a57a830_0 .net *"_ivl_67", 3 0, L_0x55965a597ae0;  1 drivers
v0x55965a57a910_0 .net *"_ivl_69", 5 0, L_0x55965a597b80;  1 drivers
L_0x7f3913c84b60 .functor BUFT 1, C4<00000>, C4<0>, C4<0>, C4<0>;
v0x55965a57a9f0_0 .net *"_ivl_72", 4 0, L_0x7f3913c84b60;  1 drivers
L_0x7f3913c84ba8 .functor BUFT 1, C4<000001>, C4<0>, C4<0>, C4<0>;
v0x55965a57aad0_0 .net/2u *"_ivl_73", 5 0, L_0x7f3913c84ba8;  1 drivers
v0x55965a57abb0_0 .net *"_ivl_75", 5 0, L_0x55965a597d30;  1 drivers
v0x55965a57ac90_0 .net *"_ivl_77", 3 0, L_0x55965a597dd0;  1 drivers
v0x55965a57ad70_0 .net *"_ivl_8", 1 0, L_0x55965a596200;  1 drivers
v0x55965a57b060_0 .net *"_ivl_82", 0 0, L_0x55965a5980e0;  1 drivers
L_0x7f3913c86270 .functor BUFT 1, C4<000000>, C4<0>, C4<0>, C4<0>;
v0x55965a57b140_0 .net *"_ivl_84", 5 0, L_0x7f3913c86270;  1 drivers
v0x55965a57b220_0 .net *"_ivl_88", 0 0, L_0x55965a598220;  1 drivers
v0x55965a57b300_0 .net *"_ivl_90", 5 0, L_0x55965a5982c0;  1 drivers
L_0x7f3913c84bf0 .functor BUFT 1, C4<00000>, C4<0>, C4<0>, C4<0>;
v0x55965a57b3e0_0 .net *"_ivl_93", 4 0, L_0x7f3913c84bf0;  1 drivers
v0x55965a57b4c0_0 .net *"_ivl_94", 0 0, L_0x55965a598460;  1 drivers
L_0x7f3913c84968 .functor BUFT 1, C4<0>, C4<0>, C4<0>, C4<0>;
v0x55965a57b5a0_0 .net "tmp1", 0 0, L_0x7f3913c84968;  1 drivers
v0x55965a57b660_0 .net "tmp2", 0 0, L_0x55965a5967c0;  1 drivers
L_0x55965a596200 .arith/sum 2, L_0x7f3913c86150, L_0x7f3913c849b0;
L_0x55965a5967c0 .part L_0x55965a596200, 0, 1;
L_0x55965a5968b0 .array/port v0x55965a580420, L_0x55965a5969b0;
L_0x55965a5969b0 .arith/sub 6, L_0x7f3913c86198, L_0x7f3913c849f8;
L_0x55965a596b70 .concat [ 1 1 1 1], L_0x55965a596700, L_0x55965a596700, L_0x55965a596700, L_0x55965a596700;
L_0x55965a596d20 .array/port v0x55965a580100, L_0x55965a596df0;
L_0x55965a596df0 .arith/sub 6, L_0x7f3913c861e0, L_0x7f3913c84a40;
L_0x55965a596ff0 .array/port v0x55965a580420, L_0x55965a597110;
L_0x55965a597110 .arith/sub 6, L_0x7f3913c86228, L_0x7f3913c84a88;
L_0x55965a5972c0 .concat [ 1 1 1 1], L_0x55965a596ff0, L_0x55965a596ff0, L_0x55965a596ff0, L_0x55965a596ff0;
L_0x55965a597470 .array/port v0x55965a580420, L_0x55965a597680;
L_0x55965a597540 .concat [ 1 5 0 0], L_0x55965a5967c0, L_0x7f3913c84ad0;
L_0x55965a597680 .arith/sub 6, L_0x55965a597540, L_0x7f3913c84b18;
L_0x55965a597860 .concat [ 1 1 1 1], L_0x55965a5971b0, L_0x55965a5971b0, L_0x55965a5971b0, L_0x55965a5971b0;
L_0x55965a597ae0 .array/port v0x55965a580100, L_0x55965a597d30;
L_0x55965a597b80 .concat [ 1 5 0 0], L_0x55965a5967c0, L_0x7f3913c84b60;
L_0x55965a597d30 .arith/sub 6, L_0x55965a597b80, L_0x7f3913c84ba8;
L_0x55965a5980e0 .array/port v0x55965a57df90, L_0x7f3913c86270;
L_0x55965a598220 .array/port v0x55965a57df90, L_0x55965a5982c0;
L_0x55965a5982c0 .concat [ 1 5 0 0], L_0x55965a5967c0, L_0x7f3913c84bf0;
S_0x55965a57b720 .scope generate, "genblk2[7]" "genblk2[7]" 2 71, 2 71 0, S_0x55965a54c6c0;
 .timescale 0 0;
P_0x55965a57b8d0 .param/l "i_select" 0 2 71, +C4<0111>;
L_0x55965a598680 .functor NOT 1, L_0x55965a598830, C4<0>, C4<0>, C4<0>;
L_0x55965a598e10 .functor AND 4, L_0x55965a598af0, L_0x55965a598ca0, C4<1111>, C4<1111>;
L_0x55965a599130 .functor NOT 1, L_0x55965a5993f0, C4<0>, C4<0>, C4<0>;
L_0x55965a599590 .functor AND 4, L_0x55965a599240, L_0x55965a5997e0, C4<1111>, C4<1111>;
L_0x55965a599d50 .functor AND 4, L_0x55965a599590, L_0x55965a599a60, C4<1111>, C4<1111>;
L_0x55965a599f50 .functor OR 4, L_0x55965a598e10, L_0x55965a599d50, C4<0000>, C4<0000>;
L_0x55965a59a3e0 .functor AND 1, L_0x55965a59a060, L_0x55965a59a1a0, C4<1>, C4<1>;
L_0x55965a59a4f0 .functor NOT 1, L_0x55965a59a3e0, C4<0>, C4<0>, C4<0>;
v0x55965a57b9b0_0 .net *"_ivl_13", 0 0, L_0x55965a598830;  1 drivers
L_0x7f3913c86300 .functor BUFT 1, C4<000000>, C4<0>, C4<0>, C4<0>;
v0x55965a57ba90_0 .net *"_ivl_15", 5 0, L_0x7f3913c86300;  1 drivers
L_0x7f3913c84cc8 .functor BUFT 1, C4<000001>, C4<0>, C4<0>, C4<0>;
v0x55965a57bb70_0 .net/2u *"_ivl_19", 5 0, L_0x7f3913c84cc8;  1 drivers
L_0x7f3913c862b8 .functor BUFT 1, C4<00>, C4<0>, C4<0>, C4<0>;
v0x55965a57bc30_0 .net *"_ivl_2", 1 0, L_0x7f3913c862b8;  1 drivers
v0x55965a57bd10_0 .net *"_ivl_21", 5 0, L_0x55965a598930;  1 drivers
v0x55965a57be40_0 .net *"_ivl_23", 0 0, L_0x55965a598680;  1 drivers
v0x55965a57bf20_0 .net *"_ivl_25", 3 0, L_0x55965a598af0;  1 drivers
v0x55965a57c000_0 .net *"_ivl_27", 3 0, L_0x55965a598ca0;  1 drivers
L_0x7f3913c86348 .functor BUFT 1, C4<000000>, C4<0>, C4<0>, C4<0>;
v0x55965a57c0e0_0 .net *"_ivl_29", 5 0, L_0x7f3913c86348;  1 drivers
L_0x7f3913c84d10 .functor BUFT 1, C4<000001>, C4<0>, C4<0>, C4<0>;
v0x55965a57c1c0_0 .net/2u *"_ivl_33", 5 0, L_0x7f3913c84d10;  1 drivers
v0x55965a57c2a0_0 .net *"_ivl_35", 5 0, L_0x55965a598d70;  1 drivers
v0x55965a57c380_0 .net *"_ivl_37", 3 0, L_0x55965a598e10;  1 drivers
v0x55965a57c460_0 .net *"_ivl_39", 0 0, L_0x55965a598f70;  1 drivers
L_0x7f3913c86390 .functor BUFT 1, C4<000000>, C4<0>, C4<0>, C4<0>;
v0x55965a57c540_0 .net *"_ivl_41", 5 0, L_0x7f3913c86390;  1 drivers
L_0x7f3913c84d58 .functor BUFT 1, C4<000001>, C4<0>, C4<0>, C4<0>;
v0x55965a57c620_0 .net/2u *"_ivl_45", 5 0, L_0x7f3913c84d58;  1 drivers
v0x55965a57c700_0 .net *"_ivl_47", 5 0, L_0x55965a599090;  1 drivers
v0x55965a57c7e0_0 .net *"_ivl_49", 3 0, L_0x55965a599240;  1 drivers
v0x55965a57c8c0_0 .net *"_ivl_51", 0 0, L_0x55965a5993f0;  1 drivers
v0x55965a57c9a0_0 .net *"_ivl_53", 5 0, L_0x55965a5994c0;  1 drivers
L_0x7f3913c84da0 .functor BUFT 1, C4<00000>, C4<0>, C4<0>, C4<0>;
v0x55965a57ca80_0 .net *"_ivl_56", 4 0, L_0x7f3913c84da0;  1 drivers
L_0x7f3913c84de8 .functor BUFT 1, C4<000001>, C4<0>, C4<0>, C4<0>;
v0x55965a57cb60_0 .net/2u *"_ivl_57", 5 0, L_0x7f3913c84de8;  1 drivers
v0x55965a57cc40_0 .net *"_ivl_59", 5 0, L_0x55965a599600;  1 drivers
L_0x7f3913c84c80 .functor BUFT 1, C4<01>, C4<0>, C4<0>, C4<0>;
v0x55965a57cd20_0 .net/2u *"_ivl_6", 1 0, L_0x7f3913c84c80;  1 drivers
v0x55965a57ce00_0 .net *"_ivl_61", 0 0, L_0x55965a599130;  1 drivers
v0x55965a57cee0_0 .net *"_ivl_63", 3 0, L_0x55965a5997e0;  1 drivers
v0x55965a57cfc0_0 .net *"_ivl_65", 3 0, L_0x55965a599590;  1 drivers
v0x55965a57d0a0_0 .net *"_ivl_67", 3 0, L_0x55965a599a60;  1 drivers
v0x55965a57d180_0 .net *"_ivl_69", 5 0, L_0x55965a599b00;  1 drivers
L_0x7f3913c84e30 .functor BUFT 1, C4<00000>, C4<0>, C4<0>, C4<0>;
v0x55965a57d260_0 .net *"_ivl_72", 4 0, L_0x7f3913c84e30;  1 drivers
L_0x7f3913c84e78 .functor BUFT 1, C4<000001>, C4<0>, C4<0>, C4<0>;
v0x55965a57d340_0 .net/2u *"_ivl_73", 5 0, L_0x7f3913c84e78;  1 drivers
v0x55965a57d420_0 .net *"_ivl_75", 5 0, L_0x55965a599cb0;  1 drivers
v0x55965a57d500_0 .net *"_ivl_77", 3 0, L_0x55965a599d50;  1 drivers
v0x55965a57d5e0_0 .net *"_ivl_8", 1 0, L_0x55965a598180;  1 drivers
v0x55965a57d8d0_0 .net *"_ivl_82", 0 0, L_0x55965a59a060;  1 drivers
L_0x7f3913c863d8 .functor BUFT 1, C4<000000>, C4<0>, C4<0>, C4<0>;
v0x55965a57d9b0_0 .net *"_ivl_84", 5 0, L_0x7f3913c863d8;  1 drivers
v0x55965a57da90_0 .net *"_ivl_88", 0 0, L_0x55965a59a1a0;  1 drivers
v0x55965a57db70_0 .net *"_ivl_90", 5 0, L_0x55965a59a240;  1 drivers
L_0x7f3913c84ec0 .functor BUFT 1, C4<00000>, C4<0>, C4<0>, C4<0>;
v0x55965a57dc50_0 .net *"_ivl_93", 4 0, L_0x7f3913c84ec0;  1 drivers
v0x55965a57dd30_0 .net *"_ivl_94", 0 0, L_0x55965a59a3e0;  1 drivers
L_0x7f3913c84c38 .functor BUFT 1, C4<0>, C4<0>, C4<0>, C4<0>;
v0x55965a57de10_0 .net "tmp1", 0 0, L_0x7f3913c84c38;  1 drivers
v0x55965a57ded0_0 .net "tmp2", 0 0, L_0x55965a598740;  1 drivers
L_0x55965a598180 .arith/sum 2, L_0x7f3913c862b8, L_0x7f3913c84c80;
L_0x55965a598740 .part L_0x55965a598180, 0, 1;
L_0x55965a598830 .array/port v0x55965a580420, L_0x55965a598930;
L_0x55965a598930 .arith/sub 6, L_0x7f3913c86300, L_0x7f3913c84cc8;
L_0x55965a598af0 .concat [ 1 1 1 1], L_0x55965a598680, L_0x55965a598680, L_0x55965a598680, L_0x55965a598680;
L_0x55965a598ca0 .array/port v0x55965a580100, L_0x55965a598d70;
L_0x55965a598d70 .arith/sub 6, L_0x7f3913c86348, L_0x7f3913c84d10;
L_0x55965a598f70 .array/port v0x55965a580420, L_0x55965a599090;
L_0x55965a599090 .arith/sub 6, L_0x7f3913c86390, L_0x7f3913c84d58;
L_0x55965a599240 .concat [ 1 1 1 1], L_0x55965a598f70, L_0x55965a598f70, L_0x55965a598f70, L_0x55965a598f70;
L_0x55965a5993f0 .array/port v0x55965a580420, L_0x55965a599600;
L_0x55965a5994c0 .concat [ 1 5 0 0], L_0x55965a598740, L_0x7f3913c84da0;
L_0x55965a599600 .arith/sub 6, L_0x55965a5994c0, L_0x7f3913c84de8;
L_0x55965a5997e0 .concat [ 1 1 1 1], L_0x55965a599130, L_0x55965a599130, L_0x55965a599130, L_0x55965a599130;
L_0x55965a599a60 .array/port v0x55965a580100, L_0x55965a599cb0;
L_0x55965a599b00 .concat [ 1 5 0 0], L_0x55965a598740, L_0x7f3913c84e30;
L_0x55965a599cb0 .arith/sub 6, L_0x55965a599b00, L_0x7f3913c84e78;
L_0x55965a59a060 .array/port v0x55965a57df90, L_0x7f3913c863d8;
L_0x55965a59a1a0 .array/port v0x55965a57df90, L_0x55965a59a240;
L_0x55965a59a240 .concat [ 1 5 0 0], L_0x55965a598740, L_0x7f3913c84ec0;
    .scope S_0x55965a54c6c0;
T_0 ;
    %wait E_0x55965a4abaa0;
    %load/vec4 v0x55965a580040_0;
    %flag_set/vec4 8;
    %jmp/0xz  T_0.0, 8;
    %pushi/vec4 0, 0, 32;
    %store/vec4 v0x55965a57e690_0, 0, 32;
T_0.2 ;
    %load/vec4 v0x55965a57e690_0;
    %cmpi/s 16, 0, 32;
    %jmp/0xz T_0.3, 5;
    %pushi/vec4 0, 0, 1;
    %ix/getv/s 3, v0x55965a57e690_0;
    %ix/load 4, 0, 0; Constant delay
    %assign/vec4/a/d v0x55965a57df90, 0, 4;
    %pushi/vec4 0, 0, 1;
    %ix/getv/s 3, v0x55965a57e690_0;
    %ix/load 4, 0, 0; Constant delay
    %assign/vec4/a/d v0x55965a57fd80, 0, 4;
    %pushi/vec4 0, 0, 1;
    %ix/getv/s 3, v0x55965a57e690_0;
    %ix/load 4, 0, 0; Constant delay
    %assign/vec4/a/d v0x55965a57fe20, 0, 4;
    %pushi/vec4 0, 0, 1;
    %assign/vec4 v0x55965a57e050_0, 0;
    %pushi/vec4 0, 0, 1;
    %assign/vec4 v0x55965a57e110_0, 0;
    %load/vec4 v0x55965a57e690_0;
    %addi 1, 0, 32;
    %store/vec4 v0x55965a57e690_0, 0, 32;
    %jmp T_0.2;
T_0.3 ;
T_0.0 ;
    %jmp T_0;
    .thread T_0;
    .scope S_0x55965a54c6c0;
T_1 ;
    %wait E_0x55965a4abaa0;
    %load/vec4 v0x55965a57f270_0;
    %load/vec4 v0x55965a57e930_0;
    %and;
    %flag_set/vec4 8;
    %jmp/0xz  T_1.0, 8;
    %pushi/vec4 1, 0, 1;
    %load/vec4 v0x55965a57e4f0_0;
    %pad/u 6;
    %ix/vec4 3;
    %ix/load 4, 0, 0; Constant delay
    %assign/vec4/a/d v0x55965a57df90, 0, 4;
    %load/vec4 v0x55965a57ee30_0;
    %load/vec4 v0x55965a57e4f0_0;
    %pad/u 6;
    %ix/vec4 3;
    %ix/load 4, 0, 0; Constant delay
    %assign/vec4/a/d v0x55965a57ebb0, 0, 4;
    %load/vec4 v0x55965a57f830_0;
    %load/vec4 v0x55965a57e4f0_0;
    %pad/u 6;
    %ix/vec4 3;
    %ix/load 4, 0, 0; Constant delay
    %assign/vec4/a/d v0x55965a57fec0, 0, 4;
    %load/vec4 v0x55965a57f910_0;
    %pad/u 1;
    %load/vec4 v0x55965a57e4f0_0;
    %pad/u 6;
    %ix/vec4 3;
    %ix/load 4, 0, 0; Constant delay
    %assign/vec4/a/d v0x55965a57fe20, 0, 4;
    %load/vec4 v0x55965a57f4f0_0;
    %load/vec4 v0x55965a57e4f0_0;
    %pad/u 6;
    %ix/vec4 3;
    %ix/load 4, 0, 0; Constant delay
    %assign/vec4/a/d v0x55965a57f9f0, 0, 4;
    %load/vec4 v0x55965a57f5d0_0;
    %load/vec4 v0x55965a57e4f0_0;
    %pad/u 6;
    %ix/vec4 3;
    %ix/load 4, 0, 0; Constant delay
    %assign/vec4/a/d v0x55965a57fcc0, 0, 4;
    %load/vec4 v0x55965a57f6b0_0;
    %load/vec4 v0x55965a57e4f0_0;
    %pad/u 6;
    %ix/vec4 3;
    %ix/load 4, 0, 0; Constant delay
    %assign/vec4/a/d v0x55965a57fd80, 0, 4;
    %load/vec4 v0x55965a57f770_0;
    %load/vec4 v0x55965a57e4f0_0;
    %pad/u 6;
    %ix/vec4 3;
    %ix/load 4, 0, 0; Constant delay
    %assign/vec4/a/d v0x55965a57fe20, 0, 4;
    %load/vec4 v0x55965a57ef10_0;
    %load/vec4 v0x55965a57e4f0_0;
    %pad/u 6;
    %ix/vec4 3;
    %ix/load 4, 0, 0; Constant delay
    %assign/vec4/a/d v0x55965a57eff0, 0, 4;
T_1.0 ;
    %jmp T_1;
    .thread T_1;
    .scope S_0x55965a54c6c0;
T_2 ;
    %wait E_0x55965a4abaa0;
    %pushi/vec4 0, 0, 32;
    %store/vec4 v0x55965a57e850_0, 0, 32;
T_2.0 ;
    %load/vec4 v0x55965a57e850_0;
    %cmpi/s 16, 0, 32;
    %jmp/0xz T_2.1, 5;
    %ix/getv/s 4, v0x55965a57e690_0;
    %load/vec4a v0x55965a57df90, 4;
    %flag_set/vec4 8;
    %jmp/0xz  T_2.2, 8;
    %ix/getv/s 4, v0x55965a57e690_0;
    %load/vec4a v0x55965a57fd80, 4;
    %inv;
    %ix/getv/s 4, v0x55965a57e690_0;
    %load/vec4a v0x55965a57f9f0, 4;
    %load/vec4 v0x55965a57e330_0;
    %cmp/e;
    %flag_get/vec4 4;
    %and;
    %flag_set/vec4 8;
    %jmp/0xz  T_2.4, 8;
    %pushi/vec4 1, 0, 1;
    %ix/getv/s 3, v0x55965a57e690_0;
    %ix/load 4, 0, 0; Constant delay
    %assign/vec4/a/d v0x55965a57fd80, 0, 4;
    %load/vec4 v0x55965a57e410_0;
    %ix/getv/s 3, v0x55965a57e690_0;
    %ix/load 4, 0, 0; Constant delay
    %assign/vec4/a/d v0x55965a57fec0, 0, 4;
T_2.4 ;
    %ix/getv/s 4, v0x55965a57e690_0;
    %load/vec4a v0x55965a57fe20, 4;
    %inv;
    %ix/getv/s 4, v0x55965a57e690_0;
    %load/vec4a v0x55965a57fcc0, 4;
    %load/vec4 v0x55965a57e330_0;
    %cmp/e;
    %flag_get/vec4 4;
    %and;
    %flag_set/vec4 8;
    %jmp/0xz  T_2.6, 8;
    %pushi/vec4 1, 0, 1;
    %ix/getv/s 3, v0x55965a57e690_0;
    %ix/load 4, 0, 0; Constant delay
    %assign/vec4/a/d v0x55965a57fe20, 0, 4;
    %load/vec4 v0x55965a57e410_0;
    %ix/getv/s 3, v0x55965a57e690_0;
    %ix/load 4, 0, 0; Constant delay
    %assign/vec4/a/d v0x55965a57ff80, 0, 4;
T_2.6 ;
T_2.2 ;
    %load/vec4 v0x55965a57e850_0;
    %addi 1, 0, 32;
    %store/vec4 v0x55965a57e850_0, 0, 32;
    %jmp T_2.0;
T_2.1 ;
    %jmp T_2;
    .thread T_2;
    .scope S_0x55965a54c6c0;
T_3 ;
    %wait E_0x55965a4abaa0;
    %load/vec4 v0x55965a57f270_0;
    %flag_set/vec4 8;
    %jmp/0xz  T_3.0, 8;
    %pushi/vec4 0, 0, 32;
    %store/vec4 v0x55965a57e770_0, 0, 32;
T_3.2 ;
    %load/vec4 v0x55965a57e770_0;
    %cmpi/s 16, 0, 32;
    %jmp/0xz T_3.3, 5;
    %ix/getv/s 4, v0x55965a57e690_0;
    %load/vec4a v0x55965a57fd80, 4;
    %ix/getv/s 4, v0x55965a57e690_0;
    %load/vec4a v0x55965a57fe20, 4;
    %and;
    %flag_set/vec4 8;
    %jmp/0xz  T_3.4, 8;
    %load/vec4 v0x55965a57e050_0;
    %inv;
    %flag_set/vec4 8;
    %jmp/0xz  T_3.6, 8;
    %pushi/vec4 1, 0, 1;
    %store/vec4 v0x55965a57e050_0, 0, 1;
    %pushi/vec4 0, 0, 1;
    %ix/getv/s 3, v0x55965a57e690_0;
    %ix/load 4, 0, 0; Constant delay
    %assign/vec4/a/d v0x55965a57df90, 0, 4;
    %ix/getv/s 4, v0x55965a57e690_0;
    %load/vec4a v0x55965a57ebb0, 4;
    %assign/vec4 v0x55965a57ec70_0, 0;
    %ix/getv/s 4, v0x55965a57e690_0;
    %load/vec4a v0x55965a57fec0, 4;
    %assign/vec4 v0x55965a57e9f0_0, 0;
    %ix/getv/s 4, v0x55965a57e690_0;
    %load/vec4a v0x55965a57fe20, 4;
    %pad/u 5;
    %assign/vec4 v0x55965a57f330_0, 0;
    %ix/getv/s 4, v0x55965a57e690_0;
    %load/vec4a v0x55965a57eff0, 4;
    %assign/vec4 v0x55965a57f0b0_0, 0;
    %jmp T_3.7;
T_3.6 ;
    %load/vec4 v0x55965a57e110_0;
    %inv;
    %flag_set/vec4 8;
    %jmp/0xz  T_3.8, 8;
    %pushi/vec4 1, 0, 1;
    %store/vec4 v0x55965a57e110_0, 0, 1;
    %pushi/vec4 0, 0, 1;
    %ix/getv/s 3, v0x55965a57e690_0;
    %ix/load 4, 0, 0; Constant delay
    %assign/vec4/a/d v0x55965a57df90, 0, 4;
    %ix/getv/s 4, v0x55965a57e690_0;
    %load/vec4a v0x55965a57ebb0, 4;
    %assign/vec4 v0x55965a57ed50_0, 0;
    %ix/getv/s 4, v0x55965a57e690_0;
    %load/vec4a v0x55965a57fec0, 4;
    %assign/vec4 v0x55965a57ead0_0, 0;
    %ix/getv/s 4, v0x55965a57e690_0;
    %load/vec4a v0x55965a57fe20, 4;
    %pad/u 5;
    %assign/vec4 v0x55965a57f410_0, 0;
    %ix/getv/s 4, v0x55965a57e690_0;
    %load/vec4a v0x55965a57eff0, 4;
    %assign/vec4 v0x55965a57f190_0, 0;
T_3.8 ;
T_3.7 ;
T_3.4 ;
    %load/vec4 v0x55965a57e770_0;
    %addi 1, 0, 32;
    %store/vec4 v0x55965a57e770_0, 0, 32;
    %jmp T_3.2;
T_3.3 ;
T_3.0 ;
    %jmp T_3;
    .thread T_3;
# The file index is used to find the file name in the following table.
:file_names 3;
    "N/A";
    "<interactive>";
    "RISC-V-CPU-2023-master/riscv/src/rs.v";
